 
****************************************
Report : area
Design : MyDesign
Version: K-2015.06-SP1
Date   : Sat Nov 24 18:46:08 2018
****************************************

Library(s) Used:

    NangateOpenCellLibrary_PDKv1_2_v2008_10_slow_nldm (File: /afs/eos.ncsu.edu/lockers/research/ece/wdavis/tech/nangate/NangateOpenCellLibrary_PDKv1_2_v2008_10/liberty/520/NangateOpenCellLibrary_PDKv1_2_v2008_10_slow_nldm.db)

Number of ports:                         2558
Number of nets:                         19510
Number of cells:                        14190
Number of combinational cells:          11022
Number of sequential cells:              3152
Number of macros/black boxes:               0
Number of buf/inv:                        856
Number of references:                      17

Combinational area:              16484.818234
Buf/Inv area:                      486.780001
Noncombinational area:           15054.004335
Macro/Black Box area:                0.000000
Net Interconnect area:      undefined  (No wire load specified)

Total cell area:                 31538.822569
Total area:                 undefined
1
