 
****************************************
Report : cell
Design : MyDesign
Version: K-2015.06-SP1
Date   : Sun Nov 25 17:54:29 2018
****************************************

Attributes:
    b - black box (unknown)
    h - hierarchical
    n - noncombinational
    p - parameterized
    r - removable
    u - contains unmapped logic

Cell                      Reference       Library             Area  Attributes
--------------------------------------------------------------------------------
Hcounter                  counter_h_1                      23.9400  h, n, p
U1                        INV_X4          NangateOpenCellLibrary_PDKv1_2_v2008_10_slow_nldm
                                                            0.5320  
U2                        INV_X4          NangateOpenCellLibrary_PDKv1_2_v2008_10_slow_nldm
                                                            0.5320  
U4                        INV_X1          NangateOpenCellLibrary_PDKv1_2_v2008_10_slow_nldm
                                                            0.5320  
U5                        INV_X1          NangateOpenCellLibrary_PDKv1_2_v2008_10_slow_nldm
                                                            0.5320  
U6                        INV_X1          NangateOpenCellLibrary_PDKv1_2_v2008_10_slow_nldm
                                                            0.5320  
U7                        INV_X1          NangateOpenCellLibrary_PDKv1_2_v2008_10_slow_nldm
                                                            0.5320  
U8                        INV_X1          NangateOpenCellLibrary_PDKv1_2_v2008_10_slow_nldm
                                                            0.5320  
hashBlock                 hash                            1688.0360 h, n, p
hashSignal                go_0                              6.6500  h, n
hashStore                 store_hash                      517.3700  h, n, p
hashUpdate                hash_update                     5878.6000 h, n, p
hashUpdateCounter         counter_hashupdate               57.1900  h, n, p
hashUpdateSignal          msgEn_1                           6.1180  h, n
kBlock                    k_vector                        240.7300  h, n, p
msgBlock                  msg_vector                      3961.8041 h, n, p
msgCounter                counter                          82.9920  h, n, p
msgSignal                 go_1                              6.6500  h, n
registerFINISH            registerIO1_0                     6.1180  h, n
registerGO                registerIO1_1                     6.1180  h, n
registerHashAddress       registerIO3_1                    18.0880  h, n
registerHashData          registerIO32_1                  187.7960  h, n
registerHashEnable        registerIO1_7                     6.1180  h, n
registerHashWrite         registerIO1_6                     6.1180  h, n
registerKAddress          registerIO6_0                    35.6440  h, n
registerKData             registerIO32_2                  187.7960  h, n
registerKEnable           registerIO1_5                     6.1180  h, n
registerKWrite            registerIO1_4                     6.1180  h, n
registerMSGAddress        registerIO6_2                    35.6440  h, n
registerMSGData           registerIO8                      47.3480  h, n
registerMSGEnable         registerIO1_9                     6.1180  h, n
registerMSGLength         registerIO6_1                    35.6440  h, n
registerMSGWrite          registerIO1_8                     6.1180  h, n
registerOutputAddress     registerIO3_0                    18.0880  h, n
registerOutputData        registerIO32_0                  187.7960  h, n
registerOutputEnable      registerIO1_3                     6.1180  h, n
registerOutputWrite       registerIO1_2                     6.1180  h, n
storeHashCounter          counter_h_0                      26.3340  h, n, p
storeHashSignal           msgEn_0                           6.1180  h, n
wBlock                    w64                             20368.9502
                                                                    h, n, p
wkCounter                 counter_wk                       57.1900  h, n, p
wkSignal                  wEn                               6.6500  h, n
--------------------------------------------------------------------------------
Total 42 cells                                            33754.0703
1
