 
****************************************
Report : area
Design : MyDesign
Version: K-2015.06-SP1
Date   : Sun Nov 25 18:20:20 2018
****************************************

Library(s) Used:

    NangateOpenCellLibrary_PDKv1_2_v2008_10_slow_nldm (File: /afs/eos.ncsu.edu/lockers/research/ece/wdavis/tech/nangate/NangateOpenCellLibrary_PDKv1_2_v2008_10/liberty/520/NangateOpenCellLibrary_PDKv1_2_v2008_10_slow_nldm.db)

Number of ports:                         2856
Number of nets:                         21418
Number of cells:                        15834
Number of combinational cells:          12439
Number of sequential cells:              3360
Number of macros/black boxes:               0
Number of buf/inv:                        874
Number of references:                      36

Combinational area:              17522.484194
Buf/Inv area:                      495.292001
Noncombinational area:           16017.988356
Macro/Black Box area:                0.000000
Net Interconnect area:      undefined  (No wire load specified)

Total cell area:                 33540.472550
Total area:                 undefined
1
