 
****************************************
Report : area
Design : MyDesign
Version: K-2015.06-SP1
Date   : Sun Nov 25 17:18:53 2018
****************************************

Library(s) Used:

    NangateOpenCellLibrary_PDKv1_2_v2008_10_slow_nldm (File: /afs/eos.ncsu.edu/lockers/research/ece/wdavis/tech/nangate/NangateOpenCellLibrary_PDKv1_2_v2008_10/liberty/520/NangateOpenCellLibrary_PDKv1_2_v2008_10_slow_nldm.db)

Number of ports:                         2862
Number of nets:                         24292
Number of cells:                        19332
Number of combinational cells:          15935
Number of sequential cells:              3362
Number of macros/black boxes:               0
Number of buf/inv:                       2416
Number of references:                      36

Combinational area:              17769.331936
Buf/Inv area:                     1292.760012
Noncombinational area:           16017.988356
Macro/Black Box area:                0.000000
Net Interconnect area:      undefined  (No wire load specified)

Total cell area:                 33787.320291
Total area:                 undefined
1
