 
****************************************
Report : area
Design : MyDesign
Version: K-2015.06-SP1
Date   : Wed Nov 21 12:37:36 2018
****************************************

Library(s) Used:

    NangateOpenCellLibrary_PDKv1_2_v2008_10_slow_nldm (File: /afs/eos.ncsu.edu/lockers/research/ece/wdavis/tech/nangate/NangateOpenCellLibrary_PDKv1_2_v2008_10/liberty/520/NangateOpenCellLibrary_PDKv1_2_v2008_10_slow_nldm.db)

Number of ports:                         4617
Number of nets:                         18062
Number of cells:                        13068
Number of combinational cells:           9817
Number of sequential cells:              3235
Number of macros/black boxes:               0
Number of buf/inv:                       1451
Number of references:                      18

Combinational area:              14944.678178
Buf/Inv area:                      781.774007
Noncombinational area:           15332.506342
Macro/Black Box area:                0.000000
Net Interconnect area:      undefined  (No wire load specified)

Total cell area:                 30277.184520
Total area:                 undefined
1
