Warning: Design 'MyDesign' has '2' unresolved references. For more detailed information, use the "link" command. (UID-341)
Information: Updating design information... (UID-85)
Warning: Design 'MyDesign' contains 2 high-fanout nets. A fanout number of 1000 will be used for delay calculations involving these nets. (TIM-134)
 
****************************************
Report : timing
        -path full
        -delay min
        -max_paths 1
Design : MyDesign
Version: K-2015.06-SP1
Date   : Sat Nov 17 14:17:08 2018
****************************************

 # A fanout number of 1000 was used for high fanout net computations.

Operating Conditions: fast   Library: NangateOpenCellLibrary_PDKv1_2_v2008_10_fast_nldm
Wire Load Model Mode: top

  Startpoint: u9/w_vector_reg[166]
              (rising edge-triggered flip-flop clocked by clk)
  Endpoint: u9/w_vector_reg[166]
            (rising edge-triggered flip-flop clocked by clk)
  Path Group: clk
  Path Type: min

  Point                                    Incr       Path
  -----------------------------------------------------------
  clock clk (rise edge)                  0.0000     0.0000
  clock network delay (ideal)            0.0000     0.0000
  u9/w_vector_reg[166]/CK (DFF_X2)       0.0000 #   0.0000 r
  u9/w_vector_reg[166]/QN (DFF_X2)       0.0501     0.0501 f
  U25435/ZN (OAI22_X2)                   0.0224     0.0724 r
  u9/w_vector_reg[166]/D (DFF_X2)        0.0000     0.0724 r
  data arrival time                                 0.0724

  clock clk (rise edge)                  0.0000     0.0000
  clock network delay (ideal)            0.0000     0.0000
  clock uncertainty                      0.0500     0.0500
  u9/w_vector_reg[166]/CK (DFF_X2)       0.0000     0.0500 r
  library hold time                     -0.0165     0.0335
  data required time                                0.0335
  -----------------------------------------------------------
  data required time                                0.0335
  data arrival time                                -0.0724
  -----------------------------------------------------------
  slack (MET)                                       0.0389


1
