#! /usr/local/bin/vvp
:ivl_version "10.1 (stable)" "(v10_1-129-g19444dd2)";
:ivl_delay_selection "TYPICAL";
:vpi_time_precision + 0;
:vpi_module "system";
:vpi_module "vhdl_sys";
:vpi_module "v2005_math";
:vpi_module "va_math";
S_0x7fae67d02f70 .scope module, "MyDesign" "MyDesign" 2 5;
 .timescale 0 0;
    .port_info 0 /OUTPUT 1 "dut__xxx__finish"
    .port_info 1 /INPUT 1 "xxx__dut__go"
    .port_info 2 /INPUT 6 "xxx__dut__msg_length"
    .port_info 3 /OUTPUT 6 "dut__msg__address"
    .port_info 4 /OUTPUT 1 "dut__msg__enable"
    .port_info 5 /OUTPUT 1 "dut__msg__write"
    .port_info 6 /INPUT 8 "msg__dut__data"
    .port_info 7 /OUTPUT 6 "dut__kmem__address"
    .port_info 8 /OUTPUT 1 "dut__kmem__enable"
    .port_info 9 /OUTPUT 1 "dut__kmem__write"
    .port_info 10 /INPUT 32 "kmem__dut__data"
    .port_info 11 /OUTPUT 3 "dut__hmem__address"
    .port_info 12 /OUTPUT 1 "dut__hmem__enable"
    .port_info 13 /OUTPUT 1 "dut__hmem__write"
    .port_info 14 /INPUT 32 "hmem__dut__data"
    .port_info 15 /OUTPUT 3 "dut__dom__address"
    .port_info 16 /OUTPUT 32 "dut__dom__data"
    .port_info 17 /OUTPUT 1 "dut__dom__enable"
    .port_info 18 /OUTPUT 1 "dut__dom__write"
    .port_info 19 /INPUT 1 "clk"
    .port_info 20 /INPUT 1 "reset"
P_0x7fae67d030d0 .param/l "MAX_MESSAGE_LENGTH" 0 2 6, +C4<00000000000000000000000000110111>;
P_0x7fae67d03110 .param/l "NUMBER_OF_Hs" 0 2 8, +C4<00000000000000000000000000001000>;
P_0x7fae67d03150 .param/l "NUMBER_OF_Ks" 0 2 7, +C4<00000000000000000000000001000000>;
P_0x7fae67d03190 .param/l "OUTPUT_LENGTH" 0 2 5, +C4<00000000000000000000000000001000>;
P_0x7fae67d031d0 .param/l "SYMBOL_WIDTH" 0 2 9, +C4<00000000000000000000000000001000>;
o0x10ccf1008 .functor BUFZ 1, C4<z>; HiZ drive
v0x7fae67d428d0_0 .net "clk", 0 0, o0x10ccf1008;  0 drivers
v0x7fae67d61cb0_0 .var "dut__dom__address", 2 0;
v0x7fae67d61d50_0 .var "dut__dom__data", 31 0;
v0x7fae67d61e00_0 .var "dut__dom__enable", 0 0;
v0x7fae67d61ea0_0 .var "dut__dom__write", 0 0;
v0x7fae67d61f80_0 .var "dut__hmem__address", 2 0;
v0x7fae67d62030_0 .var "dut__hmem__enable", 0 0;
v0x7fae67d620d0_0 .var "dut__hmem__write", 0 0;
v0x7fae67d62170_0 .var "dut__kmem__address", 5 0;
v0x7fae67d62280_0 .var "dut__kmem__enable", 0 0;
v0x7fae67d62320_0 .var "dut__kmem__write", 0 0;
v0x7fae67d623c0_0 .var "dut__msg__address", 5 0;
v0x7fae67d62470_0 .var "dut__msg__enable", 0 0;
v0x7fae67d62510_0 .var "dut__msg__write", 0 0;
v0x7fae67d625b0_0 .var "dut__xxx__finish", 0 0;
v0x7fae67d62650_0 .var "enableMSGVector", 0 0;
v0x7fae67d626f0_0 .var "finish", 0 0;
v0x7fae67d62880_0 .var "goSignal", 0 0;
o0x10ccf1368 .functor BUFZ 32, C4<zzzzzzzzzzzzzzzzzzzzzzzzzzzzzzzz>; HiZ drive
v0x7fae67d62910_0 .net "hmem__dut__data", 31 0, o0x10ccf1368;  0 drivers
o0x10ccf1398 .functor BUFZ 32, C4<zzzzzzzzzzzzzzzzzzzzzzzzzzzzzzzz>; HiZ drive
v0x7fae67d629a0_0 .net "kmem__dut__data", 31 0, o0x10ccf1398;  0 drivers
v0x7fae67d62a50_0 .var "msgAddress", 5 0;
v0x7fae67d62b00_0 .var "msgAddressComplete", 0 0;
v0x7fae67d62ba0_0 .var "msgData", 7 0;
v0x7fae67d62c50_0 .var "msgEnable", 0 0;
v0x7fae67d62cf0_0 .var "msgLength", 5 0;
v0x7fae67d62da0_0 .var "msgVector", 511 0;
v0x7fae67d62e50_0 .var "msgWrite", 0 0;
o0x10ccf1518 .functor BUFZ 8, C4<zzzzzzzz>; HiZ drive
v0x7fae67d62ef0_0 .net "msg__dut__data", 7 0, o0x10ccf1518;  0 drivers
o0x10ccf1548 .functor BUFZ 1, C4<z>; HiZ drive
v0x7fae67d62fa0_0 .net "reset", 0 0, o0x10ccf1548;  0 drivers
v0x7fae67d63040_0 .var "resetSHA", 0 0;
o0x10ccf15a8 .functor BUFZ 1, C4<z>; HiZ drive
v0x7fae67d630e0_0 .net "xxx__dut__go", 0 0, o0x10ccf15a8;  0 drivers
o0x10ccf15d8 .functor BUFZ 6, C4<zzzzzz>; HiZ drive
v0x7fae67d63180_0 .net "xxx__dut__msg_length", 5 0, o0x10ccf15d8;  0 drivers
S_0x7fae67d4e8a0 .scope generate, "genblk1[0]" "genblk1[0]" 2 120, 2 120 0, S_0x7fae67d02f70;
 .timescale 0 0;
P_0x7fae67d45d60 .param/l "msgIndex" 0 2 120, +C4<00>;
E_0x7fae67d4bfa0 .event posedge, v0x7fae67d428d0_0;
S_0x7fae67d4ea00 .scope generate, "genblk1[1]" "genblk1[1]" 2 120, 2 120 0, S_0x7fae67d02f70;
 .timescale 0 0;
P_0x7fae67d43540 .param/l "msgIndex" 0 2 120, +C4<01>;
S_0x7fae67d4eb60 .scope generate, "genblk1[2]" "genblk1[2]" 2 120, 2 120 0, S_0x7fae67d02f70;
 .timescale 0 0;
P_0x7fae67d40d20 .param/l "msgIndex" 0 2 120, +C4<010>;
S_0x7fae67d4ecc0 .scope generate, "genblk1[3]" "genblk1[3]" 2 120, 2 120 0, S_0x7fae67d02f70;
 .timescale 0 0;
P_0x7fae67d3e500 .param/l "msgIndex" 0 2 120, +C4<011>;
S_0x7fae67d4ee20 .scope generate, "genblk1[4]" "genblk1[4]" 2 120, 2 120 0, S_0x7fae67d02f70;
 .timescale 0 0;
P_0x7fae67d3af80 .param/l "msgIndex" 0 2 120, +C4<0100>;
S_0x7fae67d4ef80 .scope generate, "genblk1[5]" "genblk1[5]" 2 120, 2 120 0, S_0x7fae67d02f70;
 .timescale 0 0;
P_0x7fae67d38a50 .param/l "msgIndex" 0 2 120, +C4<0101>;
S_0x7fae67d4f0e0 .scope generate, "genblk1[6]" "genblk1[6]" 2 120, 2 120 0, S_0x7fae67d02f70;
 .timescale 0 0;
P_0x7fae67d36260 .param/l "msgIndex" 0 2 120, +C4<0110>;
S_0x7fae67d4f240 .scope generate, "genblk1[7]" "genblk1[7]" 2 120, 2 120 0, S_0x7fae67d02f70;
 .timescale 0 0;
P_0x7fae67d33a70 .param/l "msgIndex" 0 2 120, +C4<0111>;
S_0x7fae67d4f3a0 .scope generate, "genblk1[8]" "genblk1[8]" 2 120, 2 120 0, S_0x7fae67d02f70;
 .timescale 0 0;
P_0x7fae67d3bce0 .param/l "msgIndex" 0 2 120, +C4<01000>;
S_0x7fae67d4f500 .scope generate, "genblk1[9]" "genblk1[9]" 2 120, 2 120 0, S_0x7fae67d02f70;
 .timescale 0 0;
P_0x7fae67d2f7e0 .param/l "msgIndex" 0 2 120, +C4<01001>;
S_0x7fae67d4f660 .scope generate, "genblk1[10]" "genblk1[10]" 2 120, 2 120 0, S_0x7fae67d02f70;
 .timescale 0 0;
P_0x7fae67d2cff0 .param/l "msgIndex" 0 2 120, +C4<01010>;
S_0x7fae67d4f7c0 .scope generate, "genblk1[11]" "genblk1[11]" 2 120, 2 120 0, S_0x7fae67d02f70;
 .timescale 0 0;
P_0x7fae67d2a760 .param/l "msgIndex" 0 2 120, +C4<01011>;
S_0x7fae67d4f920 .scope generate, "genblk1[12]" "genblk1[12]" 2 120, 2 120 0, S_0x7fae67d02f70;
 .timescale 0 0;
P_0x7fae67d27ee0 .param/l "msgIndex" 0 2 120, +C4<01100>;
S_0x7fae67d4fa80 .scope generate, "genblk1[13]" "genblk1[13]" 2 120, 2 120 0, S_0x7fae67d02f70;
 .timescale 0 0;
P_0x7fae67d25660 .param/l "msgIndex" 0 2 120, +C4<01101>;
S_0x7fae67d4fbe0 .scope generate, "genblk1[14]" "genblk1[14]" 2 120, 2 120 0, S_0x7fae67d02f70;
 .timescale 0 0;
P_0x7fae67d22f20 .param/l "msgIndex" 0 2 120, +C4<01110>;
S_0x7fae67d4fd40 .scope generate, "genblk1[15]" "genblk1[15]" 2 120, 2 120 0, S_0x7fae67d02f70;
 .timescale 0 0;
P_0x7fae67d20700 .param/l "msgIndex" 0 2 120, +C4<01111>;
S_0x7fae67d4fea0 .scope generate, "genblk1[16]" "genblk1[16]" 2 120, 2 120 0, S_0x7fae67d02f70;
 .timescale 0 0;
P_0x7fae67d4bec0 .param/l "msgIndex" 0 2 120, +C4<010000>;
S_0x7fae67d50100 .scope generate, "genblk1[17]" "genblk1[17]" 2 120, 2 120 0, S_0x7fae67d02f70;
 .timescale 0 0;
P_0x7fae67d4a430 .param/l "msgIndex" 0 2 120, +C4<010001>;
S_0x7fae67d50260 .scope generate, "genblk1[18]" "genblk1[18]" 2 120, 2 120 0, S_0x7fae67d02f70;
 .timescale 0 0;
P_0x7fae67d489f0 .param/l "msgIndex" 0 2 120, +C4<010010>;
S_0x7fae67d503c0 .scope generate, "genblk1[19]" "genblk1[19]" 2 120, 2 120 0, S_0x7fae67d02f70;
 .timescale 0 0;
P_0x7fae67d03580 .param/l "msgIndex" 0 2 120, +C4<010011>;
S_0x7fae67d50520 .scope generate, "genblk1[20]" "genblk1[20]" 2 120, 2 120 0, S_0x7fae67d02f70;
 .timescale 0 0;
P_0x7fae67d033e0 .param/l "msgIndex" 0 2 120, +C4<010100>;
S_0x7fae67d50680 .scope generate, "genblk1[21]" "genblk1[21]" 2 120, 2 120 0, S_0x7fae67d02f70;
 .timescale 0 0;
P_0x7fae67d4c3f0 .param/l "msgIndex" 0 2 120, +C4<010101>;
S_0x7fae67d507e0 .scope generate, "genblk1[22]" "genblk1[22]" 2 120, 2 120 0, S_0x7fae67d02f70;
 .timescale 0 0;
P_0x7fae67d4c6e0 .param/l "msgIndex" 0 2 120, +C4<010110>;
S_0x7fae67d50940 .scope generate, "genblk1[23]" "genblk1[23]" 2 120, 2 120 0, S_0x7fae67d02f70;
 .timescale 0 0;
P_0x7fae67d4d210 .param/l "msgIndex" 0 2 120, +C4<010111>;
S_0x7fae67d50aa0 .scope generate, "genblk1[24]" "genblk1[24]" 2 120, 2 120 0, S_0x7fae67d02f70;
 .timescale 0 0;
P_0x7fae67d4dbe0 .param/l "msgIndex" 0 2 120, +C4<011000>;
S_0x7fae67d50c00 .scope generate, "genblk1[25]" "genblk1[25]" 2 120, 2 120 0, S_0x7fae67d02f70;
 .timescale 0 0;
P_0x7fae67d4b0f0 .param/l "msgIndex" 0 2 120, +C4<011001>;
S_0x7fae67d50d60 .scope generate, "genblk1[26]" "genblk1[26]" 2 120, 2 120 0, S_0x7fae67d02f70;
 .timescale 0 0;
P_0x7fae67d4a060 .param/l "msgIndex" 0 2 120, +C4<011010>;
S_0x7fae67d50ec0 .scope generate, "genblk1[27]" "genblk1[27]" 2 120, 2 120 0, S_0x7fae67d02f70;
 .timescale 0 0;
P_0x7fae67d48580 .param/l "msgIndex" 0 2 120, +C4<011011>;
S_0x7fae67d51020 .scope generate, "genblk1[28]" "genblk1[28]" 2 120, 2 120 0, S_0x7fae67d02f70;
 .timescale 0 0;
P_0x7fae67d47c20 .param/l "msgIndex" 0 2 120, +C4<011100>;
S_0x7fae67d51180 .scope generate, "genblk1[29]" "genblk1[29]" 2 120, 2 120 0, S_0x7fae67d02f70;
 .timescale 0 0;
P_0x7fae67d396b0 .param/l "msgIndex" 0 2 120, +C4<011101>;
S_0x7fae67d512e0 .scope generate, "genblk1[30]" "genblk1[30]" 2 120, 2 120 0, S_0x7fae67d02f70;
 .timescale 0 0;
P_0x7fae67d38c30 .param/l "msgIndex" 0 2 120, +C4<011110>;
S_0x7fae67d51440 .scope generate, "genblk1[31]" "genblk1[31]" 2 120, 2 120 0, S_0x7fae67d02f70;
 .timescale 0 0;
P_0x7fae67d37140 .param/l "msgIndex" 0 2 120, +C4<011111>;
S_0x7fae67d515a0 .scope generate, "genblk1[32]" "genblk1[32]" 2 120, 2 120 0, S_0x7fae67d02f70;
 .timescale 0 0;
P_0x7fae67d36440 .param/l "msgIndex" 0 2 120, +C4<0100000>;
S_0x7fae67d51900 .scope generate, "genblk1[33]" "genblk1[33]" 2 120, 2 120 0, S_0x7fae67d02f70;
 .timescale 0 0;
P_0x7fae67d34950 .param/l "msgIndex" 0 2 120, +C4<0100001>;
S_0x7fae67d51a60 .scope generate, "genblk1[34]" "genblk1[34]" 2 120, 2 120 0, S_0x7fae67d02f70;
 .timescale 0 0;
P_0x7fae67d33c50 .param/l "msgIndex" 0 2 120, +C4<0100010>;
S_0x7fae67d51bc0 .scope generate, "genblk1[35]" "genblk1[35]" 2 120, 2 120 0, S_0x7fae67d02f70;
 .timescale 0 0;
P_0x7fae67d32160 .param/l "msgIndex" 0 2 120, +C4<0100011>;
S_0x7fae67d51d20 .scope generate, "genblk1[36]" "genblk1[36]" 2 120, 2 120 0, S_0x7fae67d02f70;
 .timescale 0 0;
P_0x7fae67d31460 .param/l "msgIndex" 0 2 120, +C4<0100100>;
S_0x7fae67d51e80 .scope generate, "genblk1[37]" "genblk1[37]" 2 120, 2 120 0, S_0x7fae67d02f70;
 .timescale 0 0;
P_0x7fae67d2f970 .param/l "msgIndex" 0 2 120, +C4<0100101>;
S_0x7fae67d51fe0 .scope generate, "genblk1[38]" "genblk1[38]" 2 120, 2 120 0, S_0x7fae67d02f70;
 .timescale 0 0;
P_0x7fae67d2ec70 .param/l "msgIndex" 0 2 120, +C4<0100110>;
S_0x7fae67d52140 .scope generate, "genblk1[39]" "genblk1[39]" 2 120, 2 120 0, S_0x7fae67d02f70;
 .timescale 0 0;
P_0x7fae67d2d180 .param/l "msgIndex" 0 2 120, +C4<0100111>;
S_0x7fae67d522a0 .scope generate, "genblk1[40]" "genblk1[40]" 2 120, 2 120 0, S_0x7fae67d02f70;
 .timescale 0 0;
P_0x7fae67d2c480 .param/l "msgIndex" 0 2 120, +C4<0101000>;
S_0x7fae67d52400 .scope generate, "genblk1[41]" "genblk1[41]" 2 120, 2 120 0, S_0x7fae67d02f70;
 .timescale 0 0;
P_0x7fae67d2a8f0 .param/l "msgIndex" 0 2 120, +C4<0101001>;
S_0x7fae67d52560 .scope generate, "genblk1[42]" "genblk1[42]" 2 120, 2 120 0, S_0x7fae67d02f70;
 .timescale 0 0;
P_0x7fae67d29bc0 .param/l "msgIndex" 0 2 120, +C4<0101010>;
S_0x7fae67d526c0 .scope generate, "genblk1[43]" "genblk1[43]" 2 120, 2 120 0, S_0x7fae67d02f70;
 .timescale 0 0;
P_0x7fae67d28070 .param/l "msgIndex" 0 2 120, +C4<0101011>;
S_0x7fae67d52820 .scope generate, "genblk1[44]" "genblk1[44]" 2 120, 2 120 0, S_0x7fae67d02f70;
 .timescale 0 0;
P_0x7fae67d27340 .param/l "msgIndex" 0 2 120, +C4<0101100>;
S_0x7fae67d52980 .scope generate, "genblk1[45]" "genblk1[45]" 2 120, 2 120 0, S_0x7fae67d02f70;
 .timescale 0 0;
P_0x7fae67d257f0 .param/l "msgIndex" 0 2 120, +C4<0101101>;
S_0x7fae67d52ae0 .scope generate, "genblk1[46]" "genblk1[46]" 2 120, 2 120 0, S_0x7fae67d02f70;
 .timescale 0 0;
P_0x7fae67d24b20 .param/l "msgIndex" 0 2 120, +C4<0101110>;
S_0x7fae67d52c40 .scope generate, "genblk1[47]" "genblk1[47]" 2 120, 2 120 0, S_0x7fae67d02f70;
 .timescale 0 0;
P_0x7fae67d23010 .param/l "msgIndex" 0 2 120, +C4<0101111>;
S_0x7fae67d52da0 .scope generate, "genblk1[48]" "genblk1[48]" 2 120, 2 120 0, S_0x7fae67d02f70;
 .timescale 0 0;
P_0x7fae67d22300 .param/l "msgIndex" 0 2 120, +C4<0110000>;
S_0x7fae67d52f00 .scope generate, "genblk1[49]" "genblk1[49]" 2 120, 2 120 0, S_0x7fae67d02f70;
 .timescale 0 0;
P_0x7fae67d207f0 .param/l "msgIndex" 0 2 120, +C4<0110001>;
S_0x7fae67d53060 .scope generate, "genblk1[50]" "genblk1[50]" 2 120, 2 120 0, S_0x7fae67d02f70;
 .timescale 0 0;
P_0x7fae67d1fae0 .param/l "msgIndex" 0 2 120, +C4<0110010>;
S_0x7fae67d531c0 .scope generate, "genblk1[51]" "genblk1[51]" 2 120, 2 120 0, S_0x7fae67d02f70;
 .timescale 0 0;
P_0x7fae67d45e50 .param/l "msgIndex" 0 2 120, +C4<0110011>;
S_0x7fae67d53320 .scope generate, "genblk1[52]" "genblk1[52]" 2 120, 2 120 0, S_0x7fae67d02f70;
 .timescale 0 0;
P_0x7fae67d450f0 .param/l "msgIndex" 0 2 120, +C4<0110100>;
S_0x7fae67d53480 .scope generate, "genblk1[53]" "genblk1[53]" 2 120, 2 120 0, S_0x7fae67d02f70;
 .timescale 0 0;
P_0x7fae67d44390 .param/l "msgIndex" 0 2 120, +C4<0110101>;
S_0x7fae67d535e0 .scope generate, "genblk1[54]" "genblk1[54]" 2 120, 2 120 0, S_0x7fae67d02f70;
 .timescale 0 0;
P_0x7fae67d43630 .param/l "msgIndex" 0 2 120, +C4<0110110>;
    .scope S_0x7fae67d4e8a0;
T_0 ;
    %wait E_0x7fae67d4bfa0;
    %load/vec4 v0x7fae67d62fa0_0;
    %flag_set/vec4 8;
    %load/vec4 v0x7fae67d62650_0;
    %nor/r;
    %flag_set/vec4 9;
    %flag_or 9, 8;
    %jmp/0xz  T_0.0, 9;
    %pushi/vec4 0, 0, 8;
    %ix/load 4, 504, 0;
    %ix/load 5, 0, 0;
    %flag_set/imm 4, 0;
    %assign/vec4/off/d v0x7fae67d62da0_0, 4, 5;
    %jmp T_0.1;
T_0.0 ;
    %load/vec4 v0x7fae67d62b00_0;
    %nor/r;
    %pushi/vec4 0, 0, 7;
    %load/vec4 v0x7fae67d62a50_0;
    %pad/u 7;
    %cmp/e;
    %flag_get/vec4 4;
    %and;
    %flag_set/vec4 8;
    %jmp/0xz  T_0.2, 8;
    %load/vec4 v0x7fae67d62ba0_0;
    %ix/load 4, 504, 0;
    %ix/load 5, 0, 0;
    %flag_set/imm 4, 0;
    %assign/vec4/off/d v0x7fae67d62da0_0, 4, 5;
    %jmp T_0.3;
T_0.2 ;
    %load/vec4 v0x7fae67d62b00_0;
    %pushi/vec4 0, 0, 7;
    %load/vec4 v0x7fae67d62a50_0;
    %pad/u 7;
    %cmp/e;
    %flag_get/vec4 4;
    %and;
    %flag_set/vec4 8;
    %jmp/0xz  T_0.4, 8;
    %pushi/vec4 128, 0, 8;
    %ix/load 4, 504, 0;
    %ix/load 5, 0, 0;
    %flag_set/imm 4, 0;
    %assign/vec4/off/d v0x7fae67d62da0_0, 4, 5;
    %jmp T_0.5;
T_0.4 ;
    %load/vec4 v0x7fae67d62da0_0;
    %parti/s 8, 504, 10;
    %ix/load 4, 504, 0;
    %ix/load 5, 0, 0;
    %flag_set/imm 4, 0;
    %assign/vec4/off/d v0x7fae67d62da0_0, 4, 5;
T_0.5 ;
T_0.3 ;
T_0.1 ;
    %jmp T_0;
    .thread T_0;
    .scope S_0x7fae67d4ea00;
T_1 ;
    %wait E_0x7fae67d4bfa0;
    %load/vec4 v0x7fae67d62fa0_0;
    %flag_set/vec4 8;
    %load/vec4 v0x7fae67d62650_0;
    %nor/r;
    %flag_set/vec4 9;
    %flag_or 9, 8;
    %jmp/0xz  T_1.0, 9;
    %pushi/vec4 0, 0, 8;
    %ix/load 4, 496, 0;
    %ix/load 5, 0, 0;
    %flag_set/imm 4, 0;
    %assign/vec4/off/d v0x7fae67d62da0_0, 4, 5;
    %jmp T_1.1;
T_1.0 ;
    %load/vec4 v0x7fae67d62b00_0;
    %nor/r;
    %pushi/vec4 1, 0, 7;
    %load/vec4 v0x7fae67d62a50_0;
    %pad/u 7;
    %cmp/e;
    %flag_get/vec4 4;
    %and;
    %flag_set/vec4 8;
    %jmp/0xz  T_1.2, 8;
    %load/vec4 v0x7fae67d62ba0_0;
    %ix/load 4, 496, 0;
    %ix/load 5, 0, 0;
    %flag_set/imm 4, 0;
    %assign/vec4/off/d v0x7fae67d62da0_0, 4, 5;
    %jmp T_1.3;
T_1.2 ;
    %load/vec4 v0x7fae67d62b00_0;
    %pushi/vec4 1, 0, 7;
    %load/vec4 v0x7fae67d62a50_0;
    %pad/u 7;
    %cmp/e;
    %flag_get/vec4 4;
    %and;
    %flag_set/vec4 8;
    %jmp/0xz  T_1.4, 8;
    %pushi/vec4 128, 0, 8;
    %ix/load 4, 496, 0;
    %ix/load 5, 0, 0;
    %flag_set/imm 4, 0;
    %assign/vec4/off/d v0x7fae67d62da0_0, 4, 5;
    %jmp T_1.5;
T_1.4 ;
    %load/vec4 v0x7fae67d62da0_0;
    %parti/s 8, 496, 10;
    %ix/load 4, 496, 0;
    %ix/load 5, 0, 0;
    %flag_set/imm 4, 0;
    %assign/vec4/off/d v0x7fae67d62da0_0, 4, 5;
T_1.5 ;
T_1.3 ;
T_1.1 ;
    %jmp T_1;
    .thread T_1;
    .scope S_0x7fae67d4eb60;
T_2 ;
    %wait E_0x7fae67d4bfa0;
    %load/vec4 v0x7fae67d62fa0_0;
    %flag_set/vec4 8;
    %load/vec4 v0x7fae67d62650_0;
    %nor/r;
    %flag_set/vec4 9;
    %flag_or 9, 8;
    %jmp/0xz  T_2.0, 9;
    %pushi/vec4 0, 0, 8;
    %ix/load 4, 488, 0;
    %ix/load 5, 0, 0;
    %flag_set/imm 4, 0;
    %assign/vec4/off/d v0x7fae67d62da0_0, 4, 5;
    %jmp T_2.1;
T_2.0 ;
    %load/vec4 v0x7fae67d62b00_0;
    %nor/r;
    %pushi/vec4 2, 0, 7;
    %load/vec4 v0x7fae67d62a50_0;
    %pad/u 7;
    %cmp/e;
    %flag_get/vec4 4;
    %and;
    %flag_set/vec4 8;
    %jmp/0xz  T_2.2, 8;
    %load/vec4 v0x7fae67d62ba0_0;
    %ix/load 4, 488, 0;
    %ix/load 5, 0, 0;
    %flag_set/imm 4, 0;
    %assign/vec4/off/d v0x7fae67d62da0_0, 4, 5;
    %jmp T_2.3;
T_2.2 ;
    %load/vec4 v0x7fae67d62b00_0;
    %pushi/vec4 2, 0, 7;
    %load/vec4 v0x7fae67d62a50_0;
    %pad/u 7;
    %cmp/e;
    %flag_get/vec4 4;
    %and;
    %flag_set/vec4 8;
    %jmp/0xz  T_2.4, 8;
    %pushi/vec4 128, 0, 8;
    %ix/load 4, 488, 0;
    %ix/load 5, 0, 0;
    %flag_set/imm 4, 0;
    %assign/vec4/off/d v0x7fae67d62da0_0, 4, 5;
    %jmp T_2.5;
T_2.4 ;
    %load/vec4 v0x7fae67d62da0_0;
    %parti/s 8, 488, 10;
    %ix/load 4, 488, 0;
    %ix/load 5, 0, 0;
    %flag_set/imm 4, 0;
    %assign/vec4/off/d v0x7fae67d62da0_0, 4, 5;
T_2.5 ;
T_2.3 ;
T_2.1 ;
    %jmp T_2;
    .thread T_2;
    .scope S_0x7fae67d4ecc0;
T_3 ;
    %wait E_0x7fae67d4bfa0;
    %load/vec4 v0x7fae67d62fa0_0;
    %flag_set/vec4 8;
    %load/vec4 v0x7fae67d62650_0;
    %nor/r;
    %flag_set/vec4 9;
    %flag_or 9, 8;
    %jmp/0xz  T_3.0, 9;
    %pushi/vec4 0, 0, 8;
    %ix/load 4, 480, 0;
    %ix/load 5, 0, 0;
    %flag_set/imm 4, 0;
    %assign/vec4/off/d v0x7fae67d62da0_0, 4, 5;
    %jmp T_3.1;
T_3.0 ;
    %load/vec4 v0x7fae67d62b00_0;
    %nor/r;
    %pushi/vec4 3, 0, 7;
    %load/vec4 v0x7fae67d62a50_0;
    %pad/u 7;
    %cmp/e;
    %flag_get/vec4 4;
    %and;
    %flag_set/vec4 8;
    %jmp/0xz  T_3.2, 8;
    %load/vec4 v0x7fae67d62ba0_0;
    %ix/load 4, 480, 0;
    %ix/load 5, 0, 0;
    %flag_set/imm 4, 0;
    %assign/vec4/off/d v0x7fae67d62da0_0, 4, 5;
    %jmp T_3.3;
T_3.2 ;
    %load/vec4 v0x7fae67d62b00_0;
    %pushi/vec4 3, 0, 7;
    %load/vec4 v0x7fae67d62a50_0;
    %pad/u 7;
    %cmp/e;
    %flag_get/vec4 4;
    %and;
    %flag_set/vec4 8;
    %jmp/0xz  T_3.4, 8;
    %pushi/vec4 128, 0, 8;
    %ix/load 4, 480, 0;
    %ix/load 5, 0, 0;
    %flag_set/imm 4, 0;
    %assign/vec4/off/d v0x7fae67d62da0_0, 4, 5;
    %jmp T_3.5;
T_3.4 ;
    %load/vec4 v0x7fae67d62da0_0;
    %parti/s 8, 480, 10;
    %ix/load 4, 480, 0;
    %ix/load 5, 0, 0;
    %flag_set/imm 4, 0;
    %assign/vec4/off/d v0x7fae67d62da0_0, 4, 5;
T_3.5 ;
T_3.3 ;
T_3.1 ;
    %jmp T_3;
    .thread T_3;
    .scope S_0x7fae67d4ee20;
T_4 ;
    %wait E_0x7fae67d4bfa0;
    %load/vec4 v0x7fae67d62fa0_0;
    %flag_set/vec4 8;
    %load/vec4 v0x7fae67d62650_0;
    %nor/r;
    %flag_set/vec4 9;
    %flag_or 9, 8;
    %jmp/0xz  T_4.0, 9;
    %pushi/vec4 0, 0, 8;
    %ix/load 4, 472, 0;
    %ix/load 5, 0, 0;
    %flag_set/imm 4, 0;
    %assign/vec4/off/d v0x7fae67d62da0_0, 4, 5;
    %jmp T_4.1;
T_4.0 ;
    %load/vec4 v0x7fae67d62b00_0;
    %nor/r;
    %pushi/vec4 4, 0, 7;
    %load/vec4 v0x7fae67d62a50_0;
    %pad/u 7;
    %cmp/e;
    %flag_get/vec4 4;
    %and;
    %flag_set/vec4 8;
    %jmp/0xz  T_4.2, 8;
    %load/vec4 v0x7fae67d62ba0_0;
    %ix/load 4, 472, 0;
    %ix/load 5, 0, 0;
    %flag_set/imm 4, 0;
    %assign/vec4/off/d v0x7fae67d62da0_0, 4, 5;
    %jmp T_4.3;
T_4.2 ;
    %load/vec4 v0x7fae67d62b00_0;
    %pushi/vec4 4, 0, 7;
    %load/vec4 v0x7fae67d62a50_0;
    %pad/u 7;
    %cmp/e;
    %flag_get/vec4 4;
    %and;
    %flag_set/vec4 8;
    %jmp/0xz  T_4.4, 8;
    %pushi/vec4 128, 0, 8;
    %ix/load 4, 472, 0;
    %ix/load 5, 0, 0;
    %flag_set/imm 4, 0;
    %assign/vec4/off/d v0x7fae67d62da0_0, 4, 5;
    %jmp T_4.5;
T_4.4 ;
    %load/vec4 v0x7fae67d62da0_0;
    %parti/s 8, 472, 10;
    %ix/load 4, 472, 0;
    %ix/load 5, 0, 0;
    %flag_set/imm 4, 0;
    %assign/vec4/off/d v0x7fae67d62da0_0, 4, 5;
T_4.5 ;
T_4.3 ;
T_4.1 ;
    %jmp T_4;
    .thread T_4;
    .scope S_0x7fae67d4ef80;
T_5 ;
    %wait E_0x7fae67d4bfa0;
    %load/vec4 v0x7fae67d62fa0_0;
    %flag_set/vec4 8;
    %load/vec4 v0x7fae67d62650_0;
    %nor/r;
    %flag_set/vec4 9;
    %flag_or 9, 8;
    %jmp/0xz  T_5.0, 9;
    %pushi/vec4 0, 0, 8;
    %ix/load 4, 464, 0;
    %ix/load 5, 0, 0;
    %flag_set/imm 4, 0;
    %assign/vec4/off/d v0x7fae67d62da0_0, 4, 5;
    %jmp T_5.1;
T_5.0 ;
    %load/vec4 v0x7fae67d62b00_0;
    %nor/r;
    %pushi/vec4 5, 0, 7;
    %load/vec4 v0x7fae67d62a50_0;
    %pad/u 7;
    %cmp/e;
    %flag_get/vec4 4;
    %and;
    %flag_set/vec4 8;
    %jmp/0xz  T_5.2, 8;
    %load/vec4 v0x7fae67d62ba0_0;
    %ix/load 4, 464, 0;
    %ix/load 5, 0, 0;
    %flag_set/imm 4, 0;
    %assign/vec4/off/d v0x7fae67d62da0_0, 4, 5;
    %jmp T_5.3;
T_5.2 ;
    %load/vec4 v0x7fae67d62b00_0;
    %pushi/vec4 5, 0, 7;
    %load/vec4 v0x7fae67d62a50_0;
    %pad/u 7;
    %cmp/e;
    %flag_get/vec4 4;
    %and;
    %flag_set/vec4 8;
    %jmp/0xz  T_5.4, 8;
    %pushi/vec4 128, 0, 8;
    %ix/load 4, 464, 0;
    %ix/load 5, 0, 0;
    %flag_set/imm 4, 0;
    %assign/vec4/off/d v0x7fae67d62da0_0, 4, 5;
    %jmp T_5.5;
T_5.4 ;
    %load/vec4 v0x7fae67d62da0_0;
    %parti/s 8, 464, 10;
    %ix/load 4, 464, 0;
    %ix/load 5, 0, 0;
    %flag_set/imm 4, 0;
    %assign/vec4/off/d v0x7fae67d62da0_0, 4, 5;
T_5.5 ;
T_5.3 ;
T_5.1 ;
    %jmp T_5;
    .thread T_5;
    .scope S_0x7fae67d4f0e0;
T_6 ;
    %wait E_0x7fae67d4bfa0;
    %load/vec4 v0x7fae67d62fa0_0;
    %flag_set/vec4 8;
    %load/vec4 v0x7fae67d62650_0;
    %nor/r;
    %flag_set/vec4 9;
    %flag_or 9, 8;
    %jmp/0xz  T_6.0, 9;
    %pushi/vec4 0, 0, 8;
    %ix/load 4, 456, 0;
    %ix/load 5, 0, 0;
    %flag_set/imm 4, 0;
    %assign/vec4/off/d v0x7fae67d62da0_0, 4, 5;
    %jmp T_6.1;
T_6.0 ;
    %load/vec4 v0x7fae67d62b00_0;
    %nor/r;
    %pushi/vec4 6, 0, 7;
    %load/vec4 v0x7fae67d62a50_0;
    %pad/u 7;
    %cmp/e;
    %flag_get/vec4 4;
    %and;
    %flag_set/vec4 8;
    %jmp/0xz  T_6.2, 8;
    %load/vec4 v0x7fae67d62ba0_0;
    %ix/load 4, 456, 0;
    %ix/load 5, 0, 0;
    %flag_set/imm 4, 0;
    %assign/vec4/off/d v0x7fae67d62da0_0, 4, 5;
    %jmp T_6.3;
T_6.2 ;
    %load/vec4 v0x7fae67d62b00_0;
    %pushi/vec4 6, 0, 7;
    %load/vec4 v0x7fae67d62a50_0;
    %pad/u 7;
    %cmp/e;
    %flag_get/vec4 4;
    %and;
    %flag_set/vec4 8;
    %jmp/0xz  T_6.4, 8;
    %pushi/vec4 128, 0, 8;
    %ix/load 4, 456, 0;
    %ix/load 5, 0, 0;
    %flag_set/imm 4, 0;
    %assign/vec4/off/d v0x7fae67d62da0_0, 4, 5;
    %jmp T_6.5;
T_6.4 ;
    %load/vec4 v0x7fae67d62da0_0;
    %parti/s 8, 456, 10;
    %ix/load 4, 456, 0;
    %ix/load 5, 0, 0;
    %flag_set/imm 4, 0;
    %assign/vec4/off/d v0x7fae67d62da0_0, 4, 5;
T_6.5 ;
T_6.3 ;
T_6.1 ;
    %jmp T_6;
    .thread T_6;
    .scope S_0x7fae67d4f240;
T_7 ;
    %wait E_0x7fae67d4bfa0;
    %load/vec4 v0x7fae67d62fa0_0;
    %flag_set/vec4 8;
    %load/vec4 v0x7fae67d62650_0;
    %nor/r;
    %flag_set/vec4 9;
    %flag_or 9, 8;
    %jmp/0xz  T_7.0, 9;
    %pushi/vec4 0, 0, 8;
    %ix/load 4, 448, 0;
    %ix/load 5, 0, 0;
    %flag_set/imm 4, 0;
    %assign/vec4/off/d v0x7fae67d62da0_0, 4, 5;
    %jmp T_7.1;
T_7.0 ;
    %load/vec4 v0x7fae67d62b00_0;
    %nor/r;
    %pushi/vec4 7, 0, 7;
    %load/vec4 v0x7fae67d62a50_0;
    %pad/u 7;
    %cmp/e;
    %flag_get/vec4 4;
    %and;
    %flag_set/vec4 8;
    %jmp/0xz  T_7.2, 8;
    %load/vec4 v0x7fae67d62ba0_0;
    %ix/load 4, 448, 0;
    %ix/load 5, 0, 0;
    %flag_set/imm 4, 0;
    %assign/vec4/off/d v0x7fae67d62da0_0, 4, 5;
    %jmp T_7.3;
T_7.2 ;
    %load/vec4 v0x7fae67d62b00_0;
    %pushi/vec4 7, 0, 7;
    %load/vec4 v0x7fae67d62a50_0;
    %pad/u 7;
    %cmp/e;
    %flag_get/vec4 4;
    %and;
    %flag_set/vec4 8;
    %jmp/0xz  T_7.4, 8;
    %pushi/vec4 128, 0, 8;
    %ix/load 4, 448, 0;
    %ix/load 5, 0, 0;
    %flag_set/imm 4, 0;
    %assign/vec4/off/d v0x7fae67d62da0_0, 4, 5;
    %jmp T_7.5;
T_7.4 ;
    %load/vec4 v0x7fae67d62da0_0;
    %parti/s 8, 448, 10;
    %ix/load 4, 448, 0;
    %ix/load 5, 0, 0;
    %flag_set/imm 4, 0;
    %assign/vec4/off/d v0x7fae67d62da0_0, 4, 5;
T_7.5 ;
T_7.3 ;
T_7.1 ;
    %jmp T_7;
    .thread T_7;
    .scope S_0x7fae67d4f3a0;
T_8 ;
    %wait E_0x7fae67d4bfa0;
    %load/vec4 v0x7fae67d62fa0_0;
    %flag_set/vec4 8;
    %load/vec4 v0x7fae67d62650_0;
    %nor/r;
    %flag_set/vec4 9;
    %flag_or 9, 8;
    %jmp/0xz  T_8.0, 9;
    %pushi/vec4 0, 0, 8;
    %ix/load 4, 440, 0;
    %ix/load 5, 0, 0;
    %flag_set/imm 4, 0;
    %assign/vec4/off/d v0x7fae67d62da0_0, 4, 5;
    %jmp T_8.1;
T_8.0 ;
    %load/vec4 v0x7fae67d62b00_0;
    %nor/r;
    %pushi/vec4 8, 0, 7;
    %load/vec4 v0x7fae67d62a50_0;
    %pad/u 7;
    %cmp/e;
    %flag_get/vec4 4;
    %and;
    %flag_set/vec4 8;
    %jmp/0xz  T_8.2, 8;
    %load/vec4 v0x7fae67d62ba0_0;
    %ix/load 4, 440, 0;
    %ix/load 5, 0, 0;
    %flag_set/imm 4, 0;
    %assign/vec4/off/d v0x7fae67d62da0_0, 4, 5;
    %jmp T_8.3;
T_8.2 ;
    %load/vec4 v0x7fae67d62b00_0;
    %pushi/vec4 8, 0, 7;
    %load/vec4 v0x7fae67d62a50_0;
    %pad/u 7;
    %cmp/e;
    %flag_get/vec4 4;
    %and;
    %flag_set/vec4 8;
    %jmp/0xz  T_8.4, 8;
    %pushi/vec4 128, 0, 8;
    %ix/load 4, 440, 0;
    %ix/load 5, 0, 0;
    %flag_set/imm 4, 0;
    %assign/vec4/off/d v0x7fae67d62da0_0, 4, 5;
    %jmp T_8.5;
T_8.4 ;
    %load/vec4 v0x7fae67d62da0_0;
    %parti/s 8, 440, 10;
    %ix/load 4, 440, 0;
    %ix/load 5, 0, 0;
    %flag_set/imm 4, 0;
    %assign/vec4/off/d v0x7fae67d62da0_0, 4, 5;
T_8.5 ;
T_8.3 ;
T_8.1 ;
    %jmp T_8;
    .thread T_8;
    .scope S_0x7fae67d4f500;
T_9 ;
    %wait E_0x7fae67d4bfa0;
    %load/vec4 v0x7fae67d62fa0_0;
    %flag_set/vec4 8;
    %load/vec4 v0x7fae67d62650_0;
    %nor/r;
    %flag_set/vec4 9;
    %flag_or 9, 8;
    %jmp/0xz  T_9.0, 9;
    %pushi/vec4 0, 0, 8;
    %ix/load 4, 432, 0;
    %ix/load 5, 0, 0;
    %flag_set/imm 4, 0;
    %assign/vec4/off/d v0x7fae67d62da0_0, 4, 5;
    %jmp T_9.1;
T_9.0 ;
    %load/vec4 v0x7fae67d62b00_0;
    %nor/r;
    %pushi/vec4 9, 0, 7;
    %load/vec4 v0x7fae67d62a50_0;
    %pad/u 7;
    %cmp/e;
    %flag_get/vec4 4;
    %and;
    %flag_set/vec4 8;
    %jmp/0xz  T_9.2, 8;
    %load/vec4 v0x7fae67d62ba0_0;
    %ix/load 4, 432, 0;
    %ix/load 5, 0, 0;
    %flag_set/imm 4, 0;
    %assign/vec4/off/d v0x7fae67d62da0_0, 4, 5;
    %jmp T_9.3;
T_9.2 ;
    %load/vec4 v0x7fae67d62b00_0;
    %pushi/vec4 9, 0, 7;
    %load/vec4 v0x7fae67d62a50_0;
    %pad/u 7;
    %cmp/e;
    %flag_get/vec4 4;
    %and;
    %flag_set/vec4 8;
    %jmp/0xz  T_9.4, 8;
    %pushi/vec4 128, 0, 8;
    %ix/load 4, 432, 0;
    %ix/load 5, 0, 0;
    %flag_set/imm 4, 0;
    %assign/vec4/off/d v0x7fae67d62da0_0, 4, 5;
    %jmp T_9.5;
T_9.4 ;
    %load/vec4 v0x7fae67d62da0_0;
    %parti/s 8, 432, 10;
    %ix/load 4, 432, 0;
    %ix/load 5, 0, 0;
    %flag_set/imm 4, 0;
    %assign/vec4/off/d v0x7fae67d62da0_0, 4, 5;
T_9.5 ;
T_9.3 ;
T_9.1 ;
    %jmp T_9;
    .thread T_9;
    .scope S_0x7fae67d4f660;
T_10 ;
    %wait E_0x7fae67d4bfa0;
    %load/vec4 v0x7fae67d62fa0_0;
    %flag_set/vec4 8;
    %load/vec4 v0x7fae67d62650_0;
    %nor/r;
    %flag_set/vec4 9;
    %flag_or 9, 8;
    %jmp/0xz  T_10.0, 9;
    %pushi/vec4 0, 0, 8;
    %ix/load 4, 424, 0;
    %ix/load 5, 0, 0;
    %flag_set/imm 4, 0;
    %assign/vec4/off/d v0x7fae67d62da0_0, 4, 5;
    %jmp T_10.1;
T_10.0 ;
    %load/vec4 v0x7fae67d62b00_0;
    %nor/r;
    %pushi/vec4 10, 0, 7;
    %load/vec4 v0x7fae67d62a50_0;
    %pad/u 7;
    %cmp/e;
    %flag_get/vec4 4;
    %and;
    %flag_set/vec4 8;
    %jmp/0xz  T_10.2, 8;
    %load/vec4 v0x7fae67d62ba0_0;
    %ix/load 4, 424, 0;
    %ix/load 5, 0, 0;
    %flag_set/imm 4, 0;
    %assign/vec4/off/d v0x7fae67d62da0_0, 4, 5;
    %jmp T_10.3;
T_10.2 ;
    %load/vec4 v0x7fae67d62b00_0;
    %pushi/vec4 10, 0, 7;
    %load/vec4 v0x7fae67d62a50_0;
    %pad/u 7;
    %cmp/e;
    %flag_get/vec4 4;
    %and;
    %flag_set/vec4 8;
    %jmp/0xz  T_10.4, 8;
    %pushi/vec4 128, 0, 8;
    %ix/load 4, 424, 0;
    %ix/load 5, 0, 0;
    %flag_set/imm 4, 0;
    %assign/vec4/off/d v0x7fae67d62da0_0, 4, 5;
    %jmp T_10.5;
T_10.4 ;
    %load/vec4 v0x7fae67d62da0_0;
    %parti/s 8, 424, 10;
    %ix/load 4, 424, 0;
    %ix/load 5, 0, 0;
    %flag_set/imm 4, 0;
    %assign/vec4/off/d v0x7fae67d62da0_0, 4, 5;
T_10.5 ;
T_10.3 ;
T_10.1 ;
    %jmp T_10;
    .thread T_10;
    .scope S_0x7fae67d4f7c0;
T_11 ;
    %wait E_0x7fae67d4bfa0;
    %load/vec4 v0x7fae67d62fa0_0;
    %flag_set/vec4 8;
    %load/vec4 v0x7fae67d62650_0;
    %nor/r;
    %flag_set/vec4 9;
    %flag_or 9, 8;
    %jmp/0xz  T_11.0, 9;
    %pushi/vec4 0, 0, 8;
    %ix/load 4, 416, 0;
    %ix/load 5, 0, 0;
    %flag_set/imm 4, 0;
    %assign/vec4/off/d v0x7fae67d62da0_0, 4, 5;
    %jmp T_11.1;
T_11.0 ;
    %load/vec4 v0x7fae67d62b00_0;
    %nor/r;
    %pushi/vec4 11, 0, 7;
    %load/vec4 v0x7fae67d62a50_0;
    %pad/u 7;
    %cmp/e;
    %flag_get/vec4 4;
    %and;
    %flag_set/vec4 8;
    %jmp/0xz  T_11.2, 8;
    %load/vec4 v0x7fae67d62ba0_0;
    %ix/load 4, 416, 0;
    %ix/load 5, 0, 0;
    %flag_set/imm 4, 0;
    %assign/vec4/off/d v0x7fae67d62da0_0, 4, 5;
    %jmp T_11.3;
T_11.2 ;
    %load/vec4 v0x7fae67d62b00_0;
    %pushi/vec4 11, 0, 7;
    %load/vec4 v0x7fae67d62a50_0;
    %pad/u 7;
    %cmp/e;
    %flag_get/vec4 4;
    %and;
    %flag_set/vec4 8;
    %jmp/0xz  T_11.4, 8;
    %pushi/vec4 128, 0, 8;
    %ix/load 4, 416, 0;
    %ix/load 5, 0, 0;
    %flag_set/imm 4, 0;
    %assign/vec4/off/d v0x7fae67d62da0_0, 4, 5;
    %jmp T_11.5;
T_11.4 ;
    %load/vec4 v0x7fae67d62da0_0;
    %parti/s 8, 416, 10;
    %ix/load 4, 416, 0;
    %ix/load 5, 0, 0;
    %flag_set/imm 4, 0;
    %assign/vec4/off/d v0x7fae67d62da0_0, 4, 5;
T_11.5 ;
T_11.3 ;
T_11.1 ;
    %jmp T_11;
    .thread T_11;
    .scope S_0x7fae67d4f920;
T_12 ;
    %wait E_0x7fae67d4bfa0;
    %load/vec4 v0x7fae67d62fa0_0;
    %flag_set/vec4 8;
    %load/vec4 v0x7fae67d62650_0;
    %nor/r;
    %flag_set/vec4 9;
    %flag_or 9, 8;
    %jmp/0xz  T_12.0, 9;
    %pushi/vec4 0, 0, 8;
    %ix/load 4, 408, 0;
    %ix/load 5, 0, 0;
    %flag_set/imm 4, 0;
    %assign/vec4/off/d v0x7fae67d62da0_0, 4, 5;
    %jmp T_12.1;
T_12.0 ;
    %load/vec4 v0x7fae67d62b00_0;
    %nor/r;
    %pushi/vec4 12, 0, 7;
    %load/vec4 v0x7fae67d62a50_0;
    %pad/u 7;
    %cmp/e;
    %flag_get/vec4 4;
    %and;
    %flag_set/vec4 8;
    %jmp/0xz  T_12.2, 8;
    %load/vec4 v0x7fae67d62ba0_0;
    %ix/load 4, 408, 0;
    %ix/load 5, 0, 0;
    %flag_set/imm 4, 0;
    %assign/vec4/off/d v0x7fae67d62da0_0, 4, 5;
    %jmp T_12.3;
T_12.2 ;
    %load/vec4 v0x7fae67d62b00_0;
    %pushi/vec4 12, 0, 7;
    %load/vec4 v0x7fae67d62a50_0;
    %pad/u 7;
    %cmp/e;
    %flag_get/vec4 4;
    %and;
    %flag_set/vec4 8;
    %jmp/0xz  T_12.4, 8;
    %pushi/vec4 128, 0, 8;
    %ix/load 4, 408, 0;
    %ix/load 5, 0, 0;
    %flag_set/imm 4, 0;
    %assign/vec4/off/d v0x7fae67d62da0_0, 4, 5;
    %jmp T_12.5;
T_12.4 ;
    %load/vec4 v0x7fae67d62da0_0;
    %parti/s 8, 408, 10;
    %ix/load 4, 408, 0;
    %ix/load 5, 0, 0;
    %flag_set/imm 4, 0;
    %assign/vec4/off/d v0x7fae67d62da0_0, 4, 5;
T_12.5 ;
T_12.3 ;
T_12.1 ;
    %jmp T_12;
    .thread T_12;
    .scope S_0x7fae67d4fa80;
T_13 ;
    %wait E_0x7fae67d4bfa0;
    %load/vec4 v0x7fae67d62fa0_0;
    %flag_set/vec4 8;
    %load/vec4 v0x7fae67d62650_0;
    %nor/r;
    %flag_set/vec4 9;
    %flag_or 9, 8;
    %jmp/0xz  T_13.0, 9;
    %pushi/vec4 0, 0, 8;
    %ix/load 4, 400, 0;
    %ix/load 5, 0, 0;
    %flag_set/imm 4, 0;
    %assign/vec4/off/d v0x7fae67d62da0_0, 4, 5;
    %jmp T_13.1;
T_13.0 ;
    %load/vec4 v0x7fae67d62b00_0;
    %nor/r;
    %pushi/vec4 13, 0, 7;
    %load/vec4 v0x7fae67d62a50_0;
    %pad/u 7;
    %cmp/e;
    %flag_get/vec4 4;
    %and;
    %flag_set/vec4 8;
    %jmp/0xz  T_13.2, 8;
    %load/vec4 v0x7fae67d62ba0_0;
    %ix/load 4, 400, 0;
    %ix/load 5, 0, 0;
    %flag_set/imm 4, 0;
    %assign/vec4/off/d v0x7fae67d62da0_0, 4, 5;
    %jmp T_13.3;
T_13.2 ;
    %load/vec4 v0x7fae67d62b00_0;
    %pushi/vec4 13, 0, 7;
    %load/vec4 v0x7fae67d62a50_0;
    %pad/u 7;
    %cmp/e;
    %flag_get/vec4 4;
    %and;
    %flag_set/vec4 8;
    %jmp/0xz  T_13.4, 8;
    %pushi/vec4 128, 0, 8;
    %ix/load 4, 400, 0;
    %ix/load 5, 0, 0;
    %flag_set/imm 4, 0;
    %assign/vec4/off/d v0x7fae67d62da0_0, 4, 5;
    %jmp T_13.5;
T_13.4 ;
    %load/vec4 v0x7fae67d62da0_0;
    %parti/s 8, 400, 10;
    %ix/load 4, 400, 0;
    %ix/load 5, 0, 0;
    %flag_set/imm 4, 0;
    %assign/vec4/off/d v0x7fae67d62da0_0, 4, 5;
T_13.5 ;
T_13.3 ;
T_13.1 ;
    %jmp T_13;
    .thread T_13;
    .scope S_0x7fae67d4fbe0;
T_14 ;
    %wait E_0x7fae67d4bfa0;
    %load/vec4 v0x7fae67d62fa0_0;
    %flag_set/vec4 8;
    %load/vec4 v0x7fae67d62650_0;
    %nor/r;
    %flag_set/vec4 9;
    %flag_or 9, 8;
    %jmp/0xz  T_14.0, 9;
    %pushi/vec4 0, 0, 8;
    %ix/load 4, 392, 0;
    %ix/load 5, 0, 0;
    %flag_set/imm 4, 0;
    %assign/vec4/off/d v0x7fae67d62da0_0, 4, 5;
    %jmp T_14.1;
T_14.0 ;
    %load/vec4 v0x7fae67d62b00_0;
    %nor/r;
    %pushi/vec4 14, 0, 7;
    %load/vec4 v0x7fae67d62a50_0;
    %pad/u 7;
    %cmp/e;
    %flag_get/vec4 4;
    %and;
    %flag_set/vec4 8;
    %jmp/0xz  T_14.2, 8;
    %load/vec4 v0x7fae67d62ba0_0;
    %ix/load 4, 392, 0;
    %ix/load 5, 0, 0;
    %flag_set/imm 4, 0;
    %assign/vec4/off/d v0x7fae67d62da0_0, 4, 5;
    %jmp T_14.3;
T_14.2 ;
    %load/vec4 v0x7fae67d62b00_0;
    %pushi/vec4 14, 0, 7;
    %load/vec4 v0x7fae67d62a50_0;
    %pad/u 7;
    %cmp/e;
    %flag_get/vec4 4;
    %and;
    %flag_set/vec4 8;
    %jmp/0xz  T_14.4, 8;
    %pushi/vec4 128, 0, 8;
    %ix/load 4, 392, 0;
    %ix/load 5, 0, 0;
    %flag_set/imm 4, 0;
    %assign/vec4/off/d v0x7fae67d62da0_0, 4, 5;
    %jmp T_14.5;
T_14.4 ;
    %load/vec4 v0x7fae67d62da0_0;
    %parti/s 8, 392, 10;
    %ix/load 4, 392, 0;
    %ix/load 5, 0, 0;
    %flag_set/imm 4, 0;
    %assign/vec4/off/d v0x7fae67d62da0_0, 4, 5;
T_14.5 ;
T_14.3 ;
T_14.1 ;
    %jmp T_14;
    .thread T_14;
    .scope S_0x7fae67d4fd40;
T_15 ;
    %wait E_0x7fae67d4bfa0;
    %load/vec4 v0x7fae67d62fa0_0;
    %flag_set/vec4 8;
    %load/vec4 v0x7fae67d62650_0;
    %nor/r;
    %flag_set/vec4 9;
    %flag_or 9, 8;
    %jmp/0xz  T_15.0, 9;
    %pushi/vec4 0, 0, 8;
    %ix/load 4, 384, 0;
    %ix/load 5, 0, 0;
    %flag_set/imm 4, 0;
    %assign/vec4/off/d v0x7fae67d62da0_0, 4, 5;
    %jmp T_15.1;
T_15.0 ;
    %load/vec4 v0x7fae67d62b00_0;
    %nor/r;
    %pushi/vec4 15, 0, 7;
    %load/vec4 v0x7fae67d62a50_0;
    %pad/u 7;
    %cmp/e;
    %flag_get/vec4 4;
    %and;
    %flag_set/vec4 8;
    %jmp/0xz  T_15.2, 8;
    %load/vec4 v0x7fae67d62ba0_0;
    %ix/load 4, 384, 0;
    %ix/load 5, 0, 0;
    %flag_set/imm 4, 0;
    %assign/vec4/off/d v0x7fae67d62da0_0, 4, 5;
    %jmp T_15.3;
T_15.2 ;
    %load/vec4 v0x7fae67d62b00_0;
    %pushi/vec4 15, 0, 7;
    %load/vec4 v0x7fae67d62a50_0;
    %pad/u 7;
    %cmp/e;
    %flag_get/vec4 4;
    %and;
    %flag_set/vec4 8;
    %jmp/0xz  T_15.4, 8;
    %pushi/vec4 128, 0, 8;
    %ix/load 4, 384, 0;
    %ix/load 5, 0, 0;
    %flag_set/imm 4, 0;
    %assign/vec4/off/d v0x7fae67d62da0_0, 4, 5;
    %jmp T_15.5;
T_15.4 ;
    %load/vec4 v0x7fae67d62da0_0;
    %parti/s 8, 384, 10;
    %ix/load 4, 384, 0;
    %ix/load 5, 0, 0;
    %flag_set/imm 4, 0;
    %assign/vec4/off/d v0x7fae67d62da0_0, 4, 5;
T_15.5 ;
T_15.3 ;
T_15.1 ;
    %jmp T_15;
    .thread T_15;
    .scope S_0x7fae67d4fea0;
T_16 ;
    %wait E_0x7fae67d4bfa0;
    %load/vec4 v0x7fae67d62fa0_0;
    %flag_set/vec4 8;
    %load/vec4 v0x7fae67d62650_0;
    %nor/r;
    %flag_set/vec4 9;
    %flag_or 9, 8;
    %jmp/0xz  T_16.0, 9;
    %pushi/vec4 0, 0, 8;
    %ix/load 4, 376, 0;
    %ix/load 5, 0, 0;
    %flag_set/imm 4, 0;
    %assign/vec4/off/d v0x7fae67d62da0_0, 4, 5;
    %jmp T_16.1;
T_16.0 ;
    %load/vec4 v0x7fae67d62b00_0;
    %nor/r;
    %pushi/vec4 16, 0, 7;
    %load/vec4 v0x7fae67d62a50_0;
    %pad/u 7;
    %cmp/e;
    %flag_get/vec4 4;
    %and;
    %flag_set/vec4 8;
    %jmp/0xz  T_16.2, 8;
    %load/vec4 v0x7fae67d62ba0_0;
    %ix/load 4, 376, 0;
    %ix/load 5, 0, 0;
    %flag_set/imm 4, 0;
    %assign/vec4/off/d v0x7fae67d62da0_0, 4, 5;
    %jmp T_16.3;
T_16.2 ;
    %load/vec4 v0x7fae67d62b00_0;
    %pushi/vec4 16, 0, 7;
    %load/vec4 v0x7fae67d62a50_0;
    %pad/u 7;
    %cmp/e;
    %flag_get/vec4 4;
    %and;
    %flag_set/vec4 8;
    %jmp/0xz  T_16.4, 8;
    %pushi/vec4 128, 0, 8;
    %ix/load 4, 376, 0;
    %ix/load 5, 0, 0;
    %flag_set/imm 4, 0;
    %assign/vec4/off/d v0x7fae67d62da0_0, 4, 5;
    %jmp T_16.5;
T_16.4 ;
    %load/vec4 v0x7fae67d62da0_0;
    %parti/s 8, 376, 10;
    %ix/load 4, 376, 0;
    %ix/load 5, 0, 0;
    %flag_set/imm 4, 0;
    %assign/vec4/off/d v0x7fae67d62da0_0, 4, 5;
T_16.5 ;
T_16.3 ;
T_16.1 ;
    %jmp T_16;
    .thread T_16;
    .scope S_0x7fae67d50100;
T_17 ;
    %wait E_0x7fae67d4bfa0;
    %load/vec4 v0x7fae67d62fa0_0;
    %flag_set/vec4 8;
    %load/vec4 v0x7fae67d62650_0;
    %nor/r;
    %flag_set/vec4 9;
    %flag_or 9, 8;
    %jmp/0xz  T_17.0, 9;
    %pushi/vec4 0, 0, 8;
    %ix/load 4, 368, 0;
    %ix/load 5, 0, 0;
    %flag_set/imm 4, 0;
    %assign/vec4/off/d v0x7fae67d62da0_0, 4, 5;
    %jmp T_17.1;
T_17.0 ;
    %load/vec4 v0x7fae67d62b00_0;
    %nor/r;
    %pushi/vec4 17, 0, 7;
    %load/vec4 v0x7fae67d62a50_0;
    %pad/u 7;
    %cmp/e;
    %flag_get/vec4 4;
    %and;
    %flag_set/vec4 8;
    %jmp/0xz  T_17.2, 8;
    %load/vec4 v0x7fae67d62ba0_0;
    %ix/load 4, 368, 0;
    %ix/load 5, 0, 0;
    %flag_set/imm 4, 0;
    %assign/vec4/off/d v0x7fae67d62da0_0, 4, 5;
    %jmp T_17.3;
T_17.2 ;
    %load/vec4 v0x7fae67d62b00_0;
    %pushi/vec4 17, 0, 7;
    %load/vec4 v0x7fae67d62a50_0;
    %pad/u 7;
    %cmp/e;
    %flag_get/vec4 4;
    %and;
    %flag_set/vec4 8;
    %jmp/0xz  T_17.4, 8;
    %pushi/vec4 128, 0, 8;
    %ix/load 4, 368, 0;
    %ix/load 5, 0, 0;
    %flag_set/imm 4, 0;
    %assign/vec4/off/d v0x7fae67d62da0_0, 4, 5;
    %jmp T_17.5;
T_17.4 ;
    %load/vec4 v0x7fae67d62da0_0;
    %parti/s 8, 368, 10;
    %ix/load 4, 368, 0;
    %ix/load 5, 0, 0;
    %flag_set/imm 4, 0;
    %assign/vec4/off/d v0x7fae67d62da0_0, 4, 5;
T_17.5 ;
T_17.3 ;
T_17.1 ;
    %jmp T_17;
    .thread T_17;
    .scope S_0x7fae67d50260;
T_18 ;
    %wait E_0x7fae67d4bfa0;
    %load/vec4 v0x7fae67d62fa0_0;
    %flag_set/vec4 8;
    %load/vec4 v0x7fae67d62650_0;
    %nor/r;
    %flag_set/vec4 9;
    %flag_or 9, 8;
    %jmp/0xz  T_18.0, 9;
    %pushi/vec4 0, 0, 8;
    %ix/load 4, 360, 0;
    %ix/load 5, 0, 0;
    %flag_set/imm 4, 0;
    %assign/vec4/off/d v0x7fae67d62da0_0, 4, 5;
    %jmp T_18.1;
T_18.0 ;
    %load/vec4 v0x7fae67d62b00_0;
    %nor/r;
    %pushi/vec4 18, 0, 7;
    %load/vec4 v0x7fae67d62a50_0;
    %pad/u 7;
    %cmp/e;
    %flag_get/vec4 4;
    %and;
    %flag_set/vec4 8;
    %jmp/0xz  T_18.2, 8;
    %load/vec4 v0x7fae67d62ba0_0;
    %ix/load 4, 360, 0;
    %ix/load 5, 0, 0;
    %flag_set/imm 4, 0;
    %assign/vec4/off/d v0x7fae67d62da0_0, 4, 5;
    %jmp T_18.3;
T_18.2 ;
    %load/vec4 v0x7fae67d62b00_0;
    %pushi/vec4 18, 0, 7;
    %load/vec4 v0x7fae67d62a50_0;
    %pad/u 7;
    %cmp/e;
    %flag_get/vec4 4;
    %and;
    %flag_set/vec4 8;
    %jmp/0xz  T_18.4, 8;
    %pushi/vec4 128, 0, 8;
    %ix/load 4, 360, 0;
    %ix/load 5, 0, 0;
    %flag_set/imm 4, 0;
    %assign/vec4/off/d v0x7fae67d62da0_0, 4, 5;
    %jmp T_18.5;
T_18.4 ;
    %load/vec4 v0x7fae67d62da0_0;
    %parti/s 8, 360, 10;
    %ix/load 4, 360, 0;
    %ix/load 5, 0, 0;
    %flag_set/imm 4, 0;
    %assign/vec4/off/d v0x7fae67d62da0_0, 4, 5;
T_18.5 ;
T_18.3 ;
T_18.1 ;
    %jmp T_18;
    .thread T_18;
    .scope S_0x7fae67d503c0;
T_19 ;
    %wait E_0x7fae67d4bfa0;
    %load/vec4 v0x7fae67d62fa0_0;
    %flag_set/vec4 8;
    %load/vec4 v0x7fae67d62650_0;
    %nor/r;
    %flag_set/vec4 9;
    %flag_or 9, 8;
    %jmp/0xz  T_19.0, 9;
    %pushi/vec4 0, 0, 8;
    %ix/load 4, 352, 0;
    %ix/load 5, 0, 0;
    %flag_set/imm 4, 0;
    %assign/vec4/off/d v0x7fae67d62da0_0, 4, 5;
    %jmp T_19.1;
T_19.0 ;
    %load/vec4 v0x7fae67d62b00_0;
    %nor/r;
    %pushi/vec4 19, 0, 7;
    %load/vec4 v0x7fae67d62a50_0;
    %pad/u 7;
    %cmp/e;
    %flag_get/vec4 4;
    %and;
    %flag_set/vec4 8;
    %jmp/0xz  T_19.2, 8;
    %load/vec4 v0x7fae67d62ba0_0;
    %ix/load 4, 352, 0;
    %ix/load 5, 0, 0;
    %flag_set/imm 4, 0;
    %assign/vec4/off/d v0x7fae67d62da0_0, 4, 5;
    %jmp T_19.3;
T_19.2 ;
    %load/vec4 v0x7fae67d62b00_0;
    %pushi/vec4 19, 0, 7;
    %load/vec4 v0x7fae67d62a50_0;
    %pad/u 7;
    %cmp/e;
    %flag_get/vec4 4;
    %and;
    %flag_set/vec4 8;
    %jmp/0xz  T_19.4, 8;
    %pushi/vec4 128, 0, 8;
    %ix/load 4, 352, 0;
    %ix/load 5, 0, 0;
    %flag_set/imm 4, 0;
    %assign/vec4/off/d v0x7fae67d62da0_0, 4, 5;
    %jmp T_19.5;
T_19.4 ;
    %load/vec4 v0x7fae67d62da0_0;
    %parti/s 8, 352, 10;
    %ix/load 4, 352, 0;
    %ix/load 5, 0, 0;
    %flag_set/imm 4, 0;
    %assign/vec4/off/d v0x7fae67d62da0_0, 4, 5;
T_19.5 ;
T_19.3 ;
T_19.1 ;
    %jmp T_19;
    .thread T_19;
    .scope S_0x7fae67d50520;
T_20 ;
    %wait E_0x7fae67d4bfa0;
    %load/vec4 v0x7fae67d62fa0_0;
    %flag_set/vec4 8;
    %load/vec4 v0x7fae67d62650_0;
    %nor/r;
    %flag_set/vec4 9;
    %flag_or 9, 8;
    %jmp/0xz  T_20.0, 9;
    %pushi/vec4 0, 0, 8;
    %ix/load 4, 344, 0;
    %ix/load 5, 0, 0;
    %flag_set/imm 4, 0;
    %assign/vec4/off/d v0x7fae67d62da0_0, 4, 5;
    %jmp T_20.1;
T_20.0 ;
    %load/vec4 v0x7fae67d62b00_0;
    %nor/r;
    %pushi/vec4 20, 0, 7;
    %load/vec4 v0x7fae67d62a50_0;
    %pad/u 7;
    %cmp/e;
    %flag_get/vec4 4;
    %and;
    %flag_set/vec4 8;
    %jmp/0xz  T_20.2, 8;
    %load/vec4 v0x7fae67d62ba0_0;
    %ix/load 4, 344, 0;
    %ix/load 5, 0, 0;
    %flag_set/imm 4, 0;
    %assign/vec4/off/d v0x7fae67d62da0_0, 4, 5;
    %jmp T_20.3;
T_20.2 ;
    %load/vec4 v0x7fae67d62b00_0;
    %pushi/vec4 20, 0, 7;
    %load/vec4 v0x7fae67d62a50_0;
    %pad/u 7;
    %cmp/e;
    %flag_get/vec4 4;
    %and;
    %flag_set/vec4 8;
    %jmp/0xz  T_20.4, 8;
    %pushi/vec4 128, 0, 8;
    %ix/load 4, 344, 0;
    %ix/load 5, 0, 0;
    %flag_set/imm 4, 0;
    %assign/vec4/off/d v0x7fae67d62da0_0, 4, 5;
    %jmp T_20.5;
T_20.4 ;
    %load/vec4 v0x7fae67d62da0_0;
    %parti/s 8, 344, 10;
    %ix/load 4, 344, 0;
    %ix/load 5, 0, 0;
    %flag_set/imm 4, 0;
    %assign/vec4/off/d v0x7fae67d62da0_0, 4, 5;
T_20.5 ;
T_20.3 ;
T_20.1 ;
    %jmp T_20;
    .thread T_20;
    .scope S_0x7fae67d50680;
T_21 ;
    %wait E_0x7fae67d4bfa0;
    %load/vec4 v0x7fae67d62fa0_0;
    %flag_set/vec4 8;
    %load/vec4 v0x7fae67d62650_0;
    %nor/r;
    %flag_set/vec4 9;
    %flag_or 9, 8;
    %jmp/0xz  T_21.0, 9;
    %pushi/vec4 0, 0, 8;
    %ix/load 4, 336, 0;
    %ix/load 5, 0, 0;
    %flag_set/imm 4, 0;
    %assign/vec4/off/d v0x7fae67d62da0_0, 4, 5;
    %jmp T_21.1;
T_21.0 ;
    %load/vec4 v0x7fae67d62b00_0;
    %nor/r;
    %pushi/vec4 21, 0, 7;
    %load/vec4 v0x7fae67d62a50_0;
    %pad/u 7;
    %cmp/e;
    %flag_get/vec4 4;
    %and;
    %flag_set/vec4 8;
    %jmp/0xz  T_21.2, 8;
    %load/vec4 v0x7fae67d62ba0_0;
    %ix/load 4, 336, 0;
    %ix/load 5, 0, 0;
    %flag_set/imm 4, 0;
    %assign/vec4/off/d v0x7fae67d62da0_0, 4, 5;
    %jmp T_21.3;
T_21.2 ;
    %load/vec4 v0x7fae67d62b00_0;
    %pushi/vec4 21, 0, 7;
    %load/vec4 v0x7fae67d62a50_0;
    %pad/u 7;
    %cmp/e;
    %flag_get/vec4 4;
    %and;
    %flag_set/vec4 8;
    %jmp/0xz  T_21.4, 8;
    %pushi/vec4 128, 0, 8;
    %ix/load 4, 336, 0;
    %ix/load 5, 0, 0;
    %flag_set/imm 4, 0;
    %assign/vec4/off/d v0x7fae67d62da0_0, 4, 5;
    %jmp T_21.5;
T_21.4 ;
    %load/vec4 v0x7fae67d62da0_0;
    %parti/s 8, 336, 10;
    %ix/load 4, 336, 0;
    %ix/load 5, 0, 0;
    %flag_set/imm 4, 0;
    %assign/vec4/off/d v0x7fae67d62da0_0, 4, 5;
T_21.5 ;
T_21.3 ;
T_21.1 ;
    %jmp T_21;
    .thread T_21;
    .scope S_0x7fae67d507e0;
T_22 ;
    %wait E_0x7fae67d4bfa0;
    %load/vec4 v0x7fae67d62fa0_0;
    %flag_set/vec4 8;
    %load/vec4 v0x7fae67d62650_0;
    %nor/r;
    %flag_set/vec4 9;
    %flag_or 9, 8;
    %jmp/0xz  T_22.0, 9;
    %pushi/vec4 0, 0, 8;
    %ix/load 4, 328, 0;
    %ix/load 5, 0, 0;
    %flag_set/imm 4, 0;
    %assign/vec4/off/d v0x7fae67d62da0_0, 4, 5;
    %jmp T_22.1;
T_22.0 ;
    %load/vec4 v0x7fae67d62b00_0;
    %nor/r;
    %pushi/vec4 22, 0, 7;
    %load/vec4 v0x7fae67d62a50_0;
    %pad/u 7;
    %cmp/e;
    %flag_get/vec4 4;
    %and;
    %flag_set/vec4 8;
    %jmp/0xz  T_22.2, 8;
    %load/vec4 v0x7fae67d62ba0_0;
    %ix/load 4, 328, 0;
    %ix/load 5, 0, 0;
    %flag_set/imm 4, 0;
    %assign/vec4/off/d v0x7fae67d62da0_0, 4, 5;
    %jmp T_22.3;
T_22.2 ;
    %load/vec4 v0x7fae67d62b00_0;
    %pushi/vec4 22, 0, 7;
    %load/vec4 v0x7fae67d62a50_0;
    %pad/u 7;
    %cmp/e;
    %flag_get/vec4 4;
    %and;
    %flag_set/vec4 8;
    %jmp/0xz  T_22.4, 8;
    %pushi/vec4 128, 0, 8;
    %ix/load 4, 328, 0;
    %ix/load 5, 0, 0;
    %flag_set/imm 4, 0;
    %assign/vec4/off/d v0x7fae67d62da0_0, 4, 5;
    %jmp T_22.5;
T_22.4 ;
    %load/vec4 v0x7fae67d62da0_0;
    %parti/s 8, 328, 10;
    %ix/load 4, 328, 0;
    %ix/load 5, 0, 0;
    %flag_set/imm 4, 0;
    %assign/vec4/off/d v0x7fae67d62da0_0, 4, 5;
T_22.5 ;
T_22.3 ;
T_22.1 ;
    %jmp T_22;
    .thread T_22;
    .scope S_0x7fae67d50940;
T_23 ;
    %wait E_0x7fae67d4bfa0;
    %load/vec4 v0x7fae67d62fa0_0;
    %flag_set/vec4 8;
    %load/vec4 v0x7fae67d62650_0;
    %nor/r;
    %flag_set/vec4 9;
    %flag_or 9, 8;
    %jmp/0xz  T_23.0, 9;
    %pushi/vec4 0, 0, 8;
    %ix/load 4, 320, 0;
    %ix/load 5, 0, 0;
    %flag_set/imm 4, 0;
    %assign/vec4/off/d v0x7fae67d62da0_0, 4, 5;
    %jmp T_23.1;
T_23.0 ;
    %load/vec4 v0x7fae67d62b00_0;
    %nor/r;
    %pushi/vec4 23, 0, 7;
    %load/vec4 v0x7fae67d62a50_0;
    %pad/u 7;
    %cmp/e;
    %flag_get/vec4 4;
    %and;
    %flag_set/vec4 8;
    %jmp/0xz  T_23.2, 8;
    %load/vec4 v0x7fae67d62ba0_0;
    %ix/load 4, 320, 0;
    %ix/load 5, 0, 0;
    %flag_set/imm 4, 0;
    %assign/vec4/off/d v0x7fae67d62da0_0, 4, 5;
    %jmp T_23.3;
T_23.2 ;
    %load/vec4 v0x7fae67d62b00_0;
    %pushi/vec4 23, 0, 7;
    %load/vec4 v0x7fae67d62a50_0;
    %pad/u 7;
    %cmp/e;
    %flag_get/vec4 4;
    %and;
    %flag_set/vec4 8;
    %jmp/0xz  T_23.4, 8;
    %pushi/vec4 128, 0, 8;
    %ix/load 4, 320, 0;
    %ix/load 5, 0, 0;
    %flag_set/imm 4, 0;
    %assign/vec4/off/d v0x7fae67d62da0_0, 4, 5;
    %jmp T_23.5;
T_23.4 ;
    %load/vec4 v0x7fae67d62da0_0;
    %parti/s 8, 320, 10;
    %ix/load 4, 320, 0;
    %ix/load 5, 0, 0;
    %flag_set/imm 4, 0;
    %assign/vec4/off/d v0x7fae67d62da0_0, 4, 5;
T_23.5 ;
T_23.3 ;
T_23.1 ;
    %jmp T_23;
    .thread T_23;
    .scope S_0x7fae67d50aa0;
T_24 ;
    %wait E_0x7fae67d4bfa0;
    %load/vec4 v0x7fae67d62fa0_0;
    %flag_set/vec4 8;
    %load/vec4 v0x7fae67d62650_0;
    %nor/r;
    %flag_set/vec4 9;
    %flag_or 9, 8;
    %jmp/0xz  T_24.0, 9;
    %pushi/vec4 0, 0, 8;
    %ix/load 4, 312, 0;
    %ix/load 5, 0, 0;
    %flag_set/imm 4, 0;
    %assign/vec4/off/d v0x7fae67d62da0_0, 4, 5;
    %jmp T_24.1;
T_24.0 ;
    %load/vec4 v0x7fae67d62b00_0;
    %nor/r;
    %pushi/vec4 24, 0, 7;
    %load/vec4 v0x7fae67d62a50_0;
    %pad/u 7;
    %cmp/e;
    %flag_get/vec4 4;
    %and;
    %flag_set/vec4 8;
    %jmp/0xz  T_24.2, 8;
    %load/vec4 v0x7fae67d62ba0_0;
    %ix/load 4, 312, 0;
    %ix/load 5, 0, 0;
    %flag_set/imm 4, 0;
    %assign/vec4/off/d v0x7fae67d62da0_0, 4, 5;
    %jmp T_24.3;
T_24.2 ;
    %load/vec4 v0x7fae67d62b00_0;
    %pushi/vec4 24, 0, 7;
    %load/vec4 v0x7fae67d62a50_0;
    %pad/u 7;
    %cmp/e;
    %flag_get/vec4 4;
    %and;
    %flag_set/vec4 8;
    %jmp/0xz  T_24.4, 8;
    %pushi/vec4 128, 0, 8;
    %ix/load 4, 312, 0;
    %ix/load 5, 0, 0;
    %flag_set/imm 4, 0;
    %assign/vec4/off/d v0x7fae67d62da0_0, 4, 5;
    %jmp T_24.5;
T_24.4 ;
    %load/vec4 v0x7fae67d62da0_0;
    %parti/s 8, 312, 10;
    %ix/load 4, 312, 0;
    %ix/load 5, 0, 0;
    %flag_set/imm 4, 0;
    %assign/vec4/off/d v0x7fae67d62da0_0, 4, 5;
T_24.5 ;
T_24.3 ;
T_24.1 ;
    %jmp T_24;
    .thread T_24;
    .scope S_0x7fae67d50c00;
T_25 ;
    %wait E_0x7fae67d4bfa0;
    %load/vec4 v0x7fae67d62fa0_0;
    %flag_set/vec4 8;
    %load/vec4 v0x7fae67d62650_0;
    %nor/r;
    %flag_set/vec4 9;
    %flag_or 9, 8;
    %jmp/0xz  T_25.0, 9;
    %pushi/vec4 0, 0, 8;
    %ix/load 4, 304, 0;
    %ix/load 5, 0, 0;
    %flag_set/imm 4, 0;
    %assign/vec4/off/d v0x7fae67d62da0_0, 4, 5;
    %jmp T_25.1;
T_25.0 ;
    %load/vec4 v0x7fae67d62b00_0;
    %nor/r;
    %pushi/vec4 25, 0, 7;
    %load/vec4 v0x7fae67d62a50_0;
    %pad/u 7;
    %cmp/e;
    %flag_get/vec4 4;
    %and;
    %flag_set/vec4 8;
    %jmp/0xz  T_25.2, 8;
    %load/vec4 v0x7fae67d62ba0_0;
    %ix/load 4, 304, 0;
    %ix/load 5, 0, 0;
    %flag_set/imm 4, 0;
    %assign/vec4/off/d v0x7fae67d62da0_0, 4, 5;
    %jmp T_25.3;
T_25.2 ;
    %load/vec4 v0x7fae67d62b00_0;
    %pushi/vec4 25, 0, 7;
    %load/vec4 v0x7fae67d62a50_0;
    %pad/u 7;
    %cmp/e;
    %flag_get/vec4 4;
    %and;
    %flag_set/vec4 8;
    %jmp/0xz  T_25.4, 8;
    %pushi/vec4 128, 0, 8;
    %ix/load 4, 304, 0;
    %ix/load 5, 0, 0;
    %flag_set/imm 4, 0;
    %assign/vec4/off/d v0x7fae67d62da0_0, 4, 5;
    %jmp T_25.5;
T_25.4 ;
    %load/vec4 v0x7fae67d62da0_0;
    %parti/s 8, 304, 10;
    %ix/load 4, 304, 0;
    %ix/load 5, 0, 0;
    %flag_set/imm 4, 0;
    %assign/vec4/off/d v0x7fae67d62da0_0, 4, 5;
T_25.5 ;
T_25.3 ;
T_25.1 ;
    %jmp T_25;
    .thread T_25;
    .scope S_0x7fae67d50d60;
T_26 ;
    %wait E_0x7fae67d4bfa0;
    %load/vec4 v0x7fae67d62fa0_0;
    %flag_set/vec4 8;
    %load/vec4 v0x7fae67d62650_0;
    %nor/r;
    %flag_set/vec4 9;
    %flag_or 9, 8;
    %jmp/0xz  T_26.0, 9;
    %pushi/vec4 0, 0, 8;
    %ix/load 4, 296, 0;
    %ix/load 5, 0, 0;
    %flag_set/imm 4, 0;
    %assign/vec4/off/d v0x7fae67d62da0_0, 4, 5;
    %jmp T_26.1;
T_26.0 ;
    %load/vec4 v0x7fae67d62b00_0;
    %nor/r;
    %pushi/vec4 26, 0, 7;
    %load/vec4 v0x7fae67d62a50_0;
    %pad/u 7;
    %cmp/e;
    %flag_get/vec4 4;
    %and;
    %flag_set/vec4 8;
    %jmp/0xz  T_26.2, 8;
    %load/vec4 v0x7fae67d62ba0_0;
    %ix/load 4, 296, 0;
    %ix/load 5, 0, 0;
    %flag_set/imm 4, 0;
    %assign/vec4/off/d v0x7fae67d62da0_0, 4, 5;
    %jmp T_26.3;
T_26.2 ;
    %load/vec4 v0x7fae67d62b00_0;
    %pushi/vec4 26, 0, 7;
    %load/vec4 v0x7fae67d62a50_0;
    %pad/u 7;
    %cmp/e;
    %flag_get/vec4 4;
    %and;
    %flag_set/vec4 8;
    %jmp/0xz  T_26.4, 8;
    %pushi/vec4 128, 0, 8;
    %ix/load 4, 296, 0;
    %ix/load 5, 0, 0;
    %flag_set/imm 4, 0;
    %assign/vec4/off/d v0x7fae67d62da0_0, 4, 5;
    %jmp T_26.5;
T_26.4 ;
    %load/vec4 v0x7fae67d62da0_0;
    %parti/s 8, 296, 10;
    %ix/load 4, 296, 0;
    %ix/load 5, 0, 0;
    %flag_set/imm 4, 0;
    %assign/vec4/off/d v0x7fae67d62da0_0, 4, 5;
T_26.5 ;
T_26.3 ;
T_26.1 ;
    %jmp T_26;
    .thread T_26;
    .scope S_0x7fae67d50ec0;
T_27 ;
    %wait E_0x7fae67d4bfa0;
    %load/vec4 v0x7fae67d62fa0_0;
    %flag_set/vec4 8;
    %load/vec4 v0x7fae67d62650_0;
    %nor/r;
    %flag_set/vec4 9;
    %flag_or 9, 8;
    %jmp/0xz  T_27.0, 9;
    %pushi/vec4 0, 0, 8;
    %ix/load 4, 288, 0;
    %ix/load 5, 0, 0;
    %flag_set/imm 4, 0;
    %assign/vec4/off/d v0x7fae67d62da0_0, 4, 5;
    %jmp T_27.1;
T_27.0 ;
    %load/vec4 v0x7fae67d62b00_0;
    %nor/r;
    %pushi/vec4 27, 0, 7;
    %load/vec4 v0x7fae67d62a50_0;
    %pad/u 7;
    %cmp/e;
    %flag_get/vec4 4;
    %and;
    %flag_set/vec4 8;
    %jmp/0xz  T_27.2, 8;
    %load/vec4 v0x7fae67d62ba0_0;
    %ix/load 4, 288, 0;
    %ix/load 5, 0, 0;
    %flag_set/imm 4, 0;
    %assign/vec4/off/d v0x7fae67d62da0_0, 4, 5;
    %jmp T_27.3;
T_27.2 ;
    %load/vec4 v0x7fae67d62b00_0;
    %pushi/vec4 27, 0, 7;
    %load/vec4 v0x7fae67d62a50_0;
    %pad/u 7;
    %cmp/e;
    %flag_get/vec4 4;
    %and;
    %flag_set/vec4 8;
    %jmp/0xz  T_27.4, 8;
    %pushi/vec4 128, 0, 8;
    %ix/load 4, 288, 0;
    %ix/load 5, 0, 0;
    %flag_set/imm 4, 0;
    %assign/vec4/off/d v0x7fae67d62da0_0, 4, 5;
    %jmp T_27.5;
T_27.4 ;
    %load/vec4 v0x7fae67d62da0_0;
    %parti/s 8, 288, 10;
    %ix/load 4, 288, 0;
    %ix/load 5, 0, 0;
    %flag_set/imm 4, 0;
    %assign/vec4/off/d v0x7fae67d62da0_0, 4, 5;
T_27.5 ;
T_27.3 ;
T_27.1 ;
    %jmp T_27;
    .thread T_27;
    .scope S_0x7fae67d51020;
T_28 ;
    %wait E_0x7fae67d4bfa0;
    %load/vec4 v0x7fae67d62fa0_0;
    %flag_set/vec4 8;
    %load/vec4 v0x7fae67d62650_0;
    %nor/r;
    %flag_set/vec4 9;
    %flag_or 9, 8;
    %jmp/0xz  T_28.0, 9;
    %pushi/vec4 0, 0, 8;
    %ix/load 4, 280, 0;
    %ix/load 5, 0, 0;
    %flag_set/imm 4, 0;
    %assign/vec4/off/d v0x7fae67d62da0_0, 4, 5;
    %jmp T_28.1;
T_28.0 ;
    %load/vec4 v0x7fae67d62b00_0;
    %nor/r;
    %pushi/vec4 28, 0, 7;
    %load/vec4 v0x7fae67d62a50_0;
    %pad/u 7;
    %cmp/e;
    %flag_get/vec4 4;
    %and;
    %flag_set/vec4 8;
    %jmp/0xz  T_28.2, 8;
    %load/vec4 v0x7fae67d62ba0_0;
    %ix/load 4, 280, 0;
    %ix/load 5, 0, 0;
    %flag_set/imm 4, 0;
    %assign/vec4/off/d v0x7fae67d62da0_0, 4, 5;
    %jmp T_28.3;
T_28.2 ;
    %load/vec4 v0x7fae67d62b00_0;
    %pushi/vec4 28, 0, 7;
    %load/vec4 v0x7fae67d62a50_0;
    %pad/u 7;
    %cmp/e;
    %flag_get/vec4 4;
    %and;
    %flag_set/vec4 8;
    %jmp/0xz  T_28.4, 8;
    %pushi/vec4 128, 0, 8;
    %ix/load 4, 280, 0;
    %ix/load 5, 0, 0;
    %flag_set/imm 4, 0;
    %assign/vec4/off/d v0x7fae67d62da0_0, 4, 5;
    %jmp T_28.5;
T_28.4 ;
    %load/vec4 v0x7fae67d62da0_0;
    %parti/s 8, 280, 10;
    %ix/load 4, 280, 0;
    %ix/load 5, 0, 0;
    %flag_set/imm 4, 0;
    %assign/vec4/off/d v0x7fae67d62da0_0, 4, 5;
T_28.5 ;
T_28.3 ;
T_28.1 ;
    %jmp T_28;
    .thread T_28;
    .scope S_0x7fae67d51180;
T_29 ;
    %wait E_0x7fae67d4bfa0;
    %load/vec4 v0x7fae67d62fa0_0;
    %flag_set/vec4 8;
    %load/vec4 v0x7fae67d62650_0;
    %nor/r;
    %flag_set/vec4 9;
    %flag_or 9, 8;
    %jmp/0xz  T_29.0, 9;
    %pushi/vec4 0, 0, 8;
    %ix/load 4, 272, 0;
    %ix/load 5, 0, 0;
    %flag_set/imm 4, 0;
    %assign/vec4/off/d v0x7fae67d62da0_0, 4, 5;
    %jmp T_29.1;
T_29.0 ;
    %load/vec4 v0x7fae67d62b00_0;
    %nor/r;
    %pushi/vec4 29, 0, 7;
    %load/vec4 v0x7fae67d62a50_0;
    %pad/u 7;
    %cmp/e;
    %flag_get/vec4 4;
    %and;
    %flag_set/vec4 8;
    %jmp/0xz  T_29.2, 8;
    %load/vec4 v0x7fae67d62ba0_0;
    %ix/load 4, 272, 0;
    %ix/load 5, 0, 0;
    %flag_set/imm 4, 0;
    %assign/vec4/off/d v0x7fae67d62da0_0, 4, 5;
    %jmp T_29.3;
T_29.2 ;
    %load/vec4 v0x7fae67d62b00_0;
    %pushi/vec4 29, 0, 7;
    %load/vec4 v0x7fae67d62a50_0;
    %pad/u 7;
    %cmp/e;
    %flag_get/vec4 4;
    %and;
    %flag_set/vec4 8;
    %jmp/0xz  T_29.4, 8;
    %pushi/vec4 128, 0, 8;
    %ix/load 4, 272, 0;
    %ix/load 5, 0, 0;
    %flag_set/imm 4, 0;
    %assign/vec4/off/d v0x7fae67d62da0_0, 4, 5;
    %jmp T_29.5;
T_29.4 ;
    %load/vec4 v0x7fae67d62da0_0;
    %parti/s 8, 272, 10;
    %ix/load 4, 272, 0;
    %ix/load 5, 0, 0;
    %flag_set/imm 4, 0;
    %assign/vec4/off/d v0x7fae67d62da0_0, 4, 5;
T_29.5 ;
T_29.3 ;
T_29.1 ;
    %jmp T_29;
    .thread T_29;
    .scope S_0x7fae67d512e0;
T_30 ;
    %wait E_0x7fae67d4bfa0;
    %load/vec4 v0x7fae67d62fa0_0;
    %flag_set/vec4 8;
    %load/vec4 v0x7fae67d62650_0;
    %nor/r;
    %flag_set/vec4 9;
    %flag_or 9, 8;
    %jmp/0xz  T_30.0, 9;
    %pushi/vec4 0, 0, 8;
    %ix/load 4, 264, 0;
    %ix/load 5, 0, 0;
    %flag_set/imm 4, 0;
    %assign/vec4/off/d v0x7fae67d62da0_0, 4, 5;
    %jmp T_30.1;
T_30.0 ;
    %load/vec4 v0x7fae67d62b00_0;
    %nor/r;
    %pushi/vec4 30, 0, 7;
    %load/vec4 v0x7fae67d62a50_0;
    %pad/u 7;
    %cmp/e;
    %flag_get/vec4 4;
    %and;
    %flag_set/vec4 8;
    %jmp/0xz  T_30.2, 8;
    %load/vec4 v0x7fae67d62ba0_0;
    %ix/load 4, 264, 0;
    %ix/load 5, 0, 0;
    %flag_set/imm 4, 0;
    %assign/vec4/off/d v0x7fae67d62da0_0, 4, 5;
    %jmp T_30.3;
T_30.2 ;
    %load/vec4 v0x7fae67d62b00_0;
    %pushi/vec4 30, 0, 7;
    %load/vec4 v0x7fae67d62a50_0;
    %pad/u 7;
    %cmp/e;
    %flag_get/vec4 4;
    %and;
    %flag_set/vec4 8;
    %jmp/0xz  T_30.4, 8;
    %pushi/vec4 128, 0, 8;
    %ix/load 4, 264, 0;
    %ix/load 5, 0, 0;
    %flag_set/imm 4, 0;
    %assign/vec4/off/d v0x7fae67d62da0_0, 4, 5;
    %jmp T_30.5;
T_30.4 ;
    %load/vec4 v0x7fae67d62da0_0;
    %parti/s 8, 264, 10;
    %ix/load 4, 264, 0;
    %ix/load 5, 0, 0;
    %flag_set/imm 4, 0;
    %assign/vec4/off/d v0x7fae67d62da0_0, 4, 5;
T_30.5 ;
T_30.3 ;
T_30.1 ;
    %jmp T_30;
    .thread T_30;
    .scope S_0x7fae67d51440;
T_31 ;
    %wait E_0x7fae67d4bfa0;
    %load/vec4 v0x7fae67d62fa0_0;
    %flag_set/vec4 8;
    %load/vec4 v0x7fae67d62650_0;
    %nor/r;
    %flag_set/vec4 9;
    %flag_or 9, 8;
    %jmp/0xz  T_31.0, 9;
    %pushi/vec4 0, 0, 8;
    %ix/load 4, 256, 0;
    %ix/load 5, 0, 0;
    %flag_set/imm 4, 0;
    %assign/vec4/off/d v0x7fae67d62da0_0, 4, 5;
    %jmp T_31.1;
T_31.0 ;
    %load/vec4 v0x7fae67d62b00_0;
    %nor/r;
    %pushi/vec4 31, 0, 7;
    %load/vec4 v0x7fae67d62a50_0;
    %pad/u 7;
    %cmp/e;
    %flag_get/vec4 4;
    %and;
    %flag_set/vec4 8;
    %jmp/0xz  T_31.2, 8;
    %load/vec4 v0x7fae67d62ba0_0;
    %ix/load 4, 256, 0;
    %ix/load 5, 0, 0;
    %flag_set/imm 4, 0;
    %assign/vec4/off/d v0x7fae67d62da0_0, 4, 5;
    %jmp T_31.3;
T_31.2 ;
    %load/vec4 v0x7fae67d62b00_0;
    %pushi/vec4 31, 0, 7;
    %load/vec4 v0x7fae67d62a50_0;
    %pad/u 7;
    %cmp/e;
    %flag_get/vec4 4;
    %and;
    %flag_set/vec4 8;
    %jmp/0xz  T_31.4, 8;
    %pushi/vec4 128, 0, 8;
    %ix/load 4, 256, 0;
    %ix/load 5, 0, 0;
    %flag_set/imm 4, 0;
    %assign/vec4/off/d v0x7fae67d62da0_0, 4, 5;
    %jmp T_31.5;
T_31.4 ;
    %load/vec4 v0x7fae67d62da0_0;
    %parti/s 8, 256, 10;
    %ix/load 4, 256, 0;
    %ix/load 5, 0, 0;
    %flag_set/imm 4, 0;
    %assign/vec4/off/d v0x7fae67d62da0_0, 4, 5;
T_31.5 ;
T_31.3 ;
T_31.1 ;
    %jmp T_31;
    .thread T_31;
    .scope S_0x7fae67d515a0;
T_32 ;
    %wait E_0x7fae67d4bfa0;
    %load/vec4 v0x7fae67d62fa0_0;
    %flag_set/vec4 8;
    %load/vec4 v0x7fae67d62650_0;
    %nor/r;
    %flag_set/vec4 9;
    %flag_or 9, 8;
    %jmp/0xz  T_32.0, 9;
    %pushi/vec4 0, 0, 8;
    %ix/load 4, 248, 0;
    %ix/load 5, 0, 0;
    %flag_set/imm 4, 0;
    %assign/vec4/off/d v0x7fae67d62da0_0, 4, 5;
    %jmp T_32.1;
T_32.0 ;
    %load/vec4 v0x7fae67d62b00_0;
    %nor/r;
    %pushi/vec4 32, 0, 8;
    %load/vec4 v0x7fae67d62a50_0;
    %pad/u 8;
    %cmp/e;
    %flag_get/vec4 4;
    %and;
    %flag_set/vec4 8;
    %jmp/0xz  T_32.2, 8;
    %load/vec4 v0x7fae67d62ba0_0;
    %ix/load 4, 248, 0;
    %ix/load 5, 0, 0;
    %flag_set/imm 4, 0;
    %assign/vec4/off/d v0x7fae67d62da0_0, 4, 5;
    %jmp T_32.3;
T_32.2 ;
    %load/vec4 v0x7fae67d62b00_0;
    %pushi/vec4 32, 0, 8;
    %load/vec4 v0x7fae67d62a50_0;
    %pad/u 8;
    %cmp/e;
    %flag_get/vec4 4;
    %and;
    %flag_set/vec4 8;
    %jmp/0xz  T_32.4, 8;
    %pushi/vec4 128, 0, 8;
    %ix/load 4, 248, 0;
    %ix/load 5, 0, 0;
    %flag_set/imm 4, 0;
    %assign/vec4/off/d v0x7fae67d62da0_0, 4, 5;
    %jmp T_32.5;
T_32.4 ;
    %load/vec4 v0x7fae67d62da0_0;
    %parti/s 8, 248, 9;
    %ix/load 4, 248, 0;
    %ix/load 5, 0, 0;
    %flag_set/imm 4, 0;
    %assign/vec4/off/d v0x7fae67d62da0_0, 4, 5;
T_32.5 ;
T_32.3 ;
T_32.1 ;
    %jmp T_32;
    .thread T_32;
    .scope S_0x7fae67d51900;
T_33 ;
    %wait E_0x7fae67d4bfa0;
    %load/vec4 v0x7fae67d62fa0_0;
    %flag_set/vec4 8;
    %load/vec4 v0x7fae67d62650_0;
    %nor/r;
    %flag_set/vec4 9;
    %flag_or 9, 8;
    %jmp/0xz  T_33.0, 9;
    %pushi/vec4 0, 0, 8;
    %ix/load 4, 240, 0;
    %ix/load 5, 0, 0;
    %flag_set/imm 4, 0;
    %assign/vec4/off/d v0x7fae67d62da0_0, 4, 5;
    %jmp T_33.1;
T_33.0 ;
    %load/vec4 v0x7fae67d62b00_0;
    %nor/r;
    %pushi/vec4 33, 0, 8;
    %load/vec4 v0x7fae67d62a50_0;
    %pad/u 8;
    %cmp/e;
    %flag_get/vec4 4;
    %and;
    %flag_set/vec4 8;
    %jmp/0xz  T_33.2, 8;
    %load/vec4 v0x7fae67d62ba0_0;
    %ix/load 4, 240, 0;
    %ix/load 5, 0, 0;
    %flag_set/imm 4, 0;
    %assign/vec4/off/d v0x7fae67d62da0_0, 4, 5;
    %jmp T_33.3;
T_33.2 ;
    %load/vec4 v0x7fae67d62b00_0;
    %pushi/vec4 33, 0, 8;
    %load/vec4 v0x7fae67d62a50_0;
    %pad/u 8;
    %cmp/e;
    %flag_get/vec4 4;
    %and;
    %flag_set/vec4 8;
    %jmp/0xz  T_33.4, 8;
    %pushi/vec4 128, 0, 8;
    %ix/load 4, 240, 0;
    %ix/load 5, 0, 0;
    %flag_set/imm 4, 0;
    %assign/vec4/off/d v0x7fae67d62da0_0, 4, 5;
    %jmp T_33.5;
T_33.4 ;
    %load/vec4 v0x7fae67d62da0_0;
    %parti/s 8, 240, 9;
    %ix/load 4, 240, 0;
    %ix/load 5, 0, 0;
    %flag_set/imm 4, 0;
    %assign/vec4/off/d v0x7fae67d62da0_0, 4, 5;
T_33.5 ;
T_33.3 ;
T_33.1 ;
    %jmp T_33;
    .thread T_33;
    .scope S_0x7fae67d51a60;
T_34 ;
    %wait E_0x7fae67d4bfa0;
    %load/vec4 v0x7fae67d62fa0_0;
    %flag_set/vec4 8;
    %load/vec4 v0x7fae67d62650_0;
    %nor/r;
    %flag_set/vec4 9;
    %flag_or 9, 8;
    %jmp/0xz  T_34.0, 9;
    %pushi/vec4 0, 0, 8;
    %ix/load 4, 232, 0;
    %ix/load 5, 0, 0;
    %flag_set/imm 4, 0;
    %assign/vec4/off/d v0x7fae67d62da0_0, 4, 5;
    %jmp T_34.1;
T_34.0 ;
    %load/vec4 v0x7fae67d62b00_0;
    %nor/r;
    %pushi/vec4 34, 0, 8;
    %load/vec4 v0x7fae67d62a50_0;
    %pad/u 8;
    %cmp/e;
    %flag_get/vec4 4;
    %and;
    %flag_set/vec4 8;
    %jmp/0xz  T_34.2, 8;
    %load/vec4 v0x7fae67d62ba0_0;
    %ix/load 4, 232, 0;
    %ix/load 5, 0, 0;
    %flag_set/imm 4, 0;
    %assign/vec4/off/d v0x7fae67d62da0_0, 4, 5;
    %jmp T_34.3;
T_34.2 ;
    %load/vec4 v0x7fae67d62b00_0;
    %pushi/vec4 34, 0, 8;
    %load/vec4 v0x7fae67d62a50_0;
    %pad/u 8;
    %cmp/e;
    %flag_get/vec4 4;
    %and;
    %flag_set/vec4 8;
    %jmp/0xz  T_34.4, 8;
    %pushi/vec4 128, 0, 8;
    %ix/load 4, 232, 0;
    %ix/load 5, 0, 0;
    %flag_set/imm 4, 0;
    %assign/vec4/off/d v0x7fae67d62da0_0, 4, 5;
    %jmp T_34.5;
T_34.4 ;
    %load/vec4 v0x7fae67d62da0_0;
    %parti/s 8, 232, 9;
    %ix/load 4, 232, 0;
    %ix/load 5, 0, 0;
    %flag_set/imm 4, 0;
    %assign/vec4/off/d v0x7fae67d62da0_0, 4, 5;
T_34.5 ;
T_34.3 ;
T_34.1 ;
    %jmp T_34;
    .thread T_34;
    .scope S_0x7fae67d51bc0;
T_35 ;
    %wait E_0x7fae67d4bfa0;
    %load/vec4 v0x7fae67d62fa0_0;
    %flag_set/vec4 8;
    %load/vec4 v0x7fae67d62650_0;
    %nor/r;
    %flag_set/vec4 9;
    %flag_or 9, 8;
    %jmp/0xz  T_35.0, 9;
    %pushi/vec4 0, 0, 8;
    %ix/load 4, 224, 0;
    %ix/load 5, 0, 0;
    %flag_set/imm 4, 0;
    %assign/vec4/off/d v0x7fae67d62da0_0, 4, 5;
    %jmp T_35.1;
T_35.0 ;
    %load/vec4 v0x7fae67d62b00_0;
    %nor/r;
    %pushi/vec4 35, 0, 8;
    %load/vec4 v0x7fae67d62a50_0;
    %pad/u 8;
    %cmp/e;
    %flag_get/vec4 4;
    %and;
    %flag_set/vec4 8;
    %jmp/0xz  T_35.2, 8;
    %load/vec4 v0x7fae67d62ba0_0;
    %ix/load 4, 224, 0;
    %ix/load 5, 0, 0;
    %flag_set/imm 4, 0;
    %assign/vec4/off/d v0x7fae67d62da0_0, 4, 5;
    %jmp T_35.3;
T_35.2 ;
    %load/vec4 v0x7fae67d62b00_0;
    %pushi/vec4 35, 0, 8;
    %load/vec4 v0x7fae67d62a50_0;
    %pad/u 8;
    %cmp/e;
    %flag_get/vec4 4;
    %and;
    %flag_set/vec4 8;
    %jmp/0xz  T_35.4, 8;
    %pushi/vec4 128, 0, 8;
    %ix/load 4, 224, 0;
    %ix/load 5, 0, 0;
    %flag_set/imm 4, 0;
    %assign/vec4/off/d v0x7fae67d62da0_0, 4, 5;
    %jmp T_35.5;
T_35.4 ;
    %load/vec4 v0x7fae67d62da0_0;
    %parti/s 8, 224, 9;
    %ix/load 4, 224, 0;
    %ix/load 5, 0, 0;
    %flag_set/imm 4, 0;
    %assign/vec4/off/d v0x7fae67d62da0_0, 4, 5;
T_35.5 ;
T_35.3 ;
T_35.1 ;
    %jmp T_35;
    .thread T_35;
    .scope S_0x7fae67d51d20;
T_36 ;
    %wait E_0x7fae67d4bfa0;
    %load/vec4 v0x7fae67d62fa0_0;
    %flag_set/vec4 8;
    %load/vec4 v0x7fae67d62650_0;
    %nor/r;
    %flag_set/vec4 9;
    %flag_or 9, 8;
    %jmp/0xz  T_36.0, 9;
    %pushi/vec4 0, 0, 8;
    %ix/load 4, 216, 0;
    %ix/load 5, 0, 0;
    %flag_set/imm 4, 0;
    %assign/vec4/off/d v0x7fae67d62da0_0, 4, 5;
    %jmp T_36.1;
T_36.0 ;
    %load/vec4 v0x7fae67d62b00_0;
    %nor/r;
    %pushi/vec4 36, 0, 8;
    %load/vec4 v0x7fae67d62a50_0;
    %pad/u 8;
    %cmp/e;
    %flag_get/vec4 4;
    %and;
    %flag_set/vec4 8;
    %jmp/0xz  T_36.2, 8;
    %load/vec4 v0x7fae67d62ba0_0;
    %ix/load 4, 216, 0;
    %ix/load 5, 0, 0;
    %flag_set/imm 4, 0;
    %assign/vec4/off/d v0x7fae67d62da0_0, 4, 5;
    %jmp T_36.3;
T_36.2 ;
    %load/vec4 v0x7fae67d62b00_0;
    %pushi/vec4 36, 0, 8;
    %load/vec4 v0x7fae67d62a50_0;
    %pad/u 8;
    %cmp/e;
    %flag_get/vec4 4;
    %and;
    %flag_set/vec4 8;
    %jmp/0xz  T_36.4, 8;
    %pushi/vec4 128, 0, 8;
    %ix/load 4, 216, 0;
    %ix/load 5, 0, 0;
    %flag_set/imm 4, 0;
    %assign/vec4/off/d v0x7fae67d62da0_0, 4, 5;
    %jmp T_36.5;
T_36.4 ;
    %load/vec4 v0x7fae67d62da0_0;
    %parti/s 8, 216, 9;
    %ix/load 4, 216, 0;
    %ix/load 5, 0, 0;
    %flag_set/imm 4, 0;
    %assign/vec4/off/d v0x7fae67d62da0_0, 4, 5;
T_36.5 ;
T_36.3 ;
T_36.1 ;
    %jmp T_36;
    .thread T_36;
    .scope S_0x7fae67d51e80;
T_37 ;
    %wait E_0x7fae67d4bfa0;
    %load/vec4 v0x7fae67d62fa0_0;
    %flag_set/vec4 8;
    %load/vec4 v0x7fae67d62650_0;
    %nor/r;
    %flag_set/vec4 9;
    %flag_or 9, 8;
    %jmp/0xz  T_37.0, 9;
    %pushi/vec4 0, 0, 8;
    %ix/load 4, 208, 0;
    %ix/load 5, 0, 0;
    %flag_set/imm 4, 0;
    %assign/vec4/off/d v0x7fae67d62da0_0, 4, 5;
    %jmp T_37.1;
T_37.0 ;
    %load/vec4 v0x7fae67d62b00_0;
    %nor/r;
    %pushi/vec4 37, 0, 8;
    %load/vec4 v0x7fae67d62a50_0;
    %pad/u 8;
    %cmp/e;
    %flag_get/vec4 4;
    %and;
    %flag_set/vec4 8;
    %jmp/0xz  T_37.2, 8;
    %load/vec4 v0x7fae67d62ba0_0;
    %ix/load 4, 208, 0;
    %ix/load 5, 0, 0;
    %flag_set/imm 4, 0;
    %assign/vec4/off/d v0x7fae67d62da0_0, 4, 5;
    %jmp T_37.3;
T_37.2 ;
    %load/vec4 v0x7fae67d62b00_0;
    %pushi/vec4 37, 0, 8;
    %load/vec4 v0x7fae67d62a50_0;
    %pad/u 8;
    %cmp/e;
    %flag_get/vec4 4;
    %and;
    %flag_set/vec4 8;
    %jmp/0xz  T_37.4, 8;
    %pushi/vec4 128, 0, 8;
    %ix/load 4, 208, 0;
    %ix/load 5, 0, 0;
    %flag_set/imm 4, 0;
    %assign/vec4/off/d v0x7fae67d62da0_0, 4, 5;
    %jmp T_37.5;
T_37.4 ;
    %load/vec4 v0x7fae67d62da0_0;
    %parti/s 8, 208, 9;
    %ix/load 4, 208, 0;
    %ix/load 5, 0, 0;
    %flag_set/imm 4, 0;
    %assign/vec4/off/d v0x7fae67d62da0_0, 4, 5;
T_37.5 ;
T_37.3 ;
T_37.1 ;
    %jmp T_37;
    .thread T_37;
    .scope S_0x7fae67d51fe0;
T_38 ;
    %wait E_0x7fae67d4bfa0;
    %load/vec4 v0x7fae67d62fa0_0;
    %flag_set/vec4 8;
    %load/vec4 v0x7fae67d62650_0;
    %nor/r;
    %flag_set/vec4 9;
    %flag_or 9, 8;
    %jmp/0xz  T_38.0, 9;
    %pushi/vec4 0, 0, 8;
    %ix/load 4, 200, 0;
    %ix/load 5, 0, 0;
    %flag_set/imm 4, 0;
    %assign/vec4/off/d v0x7fae67d62da0_0, 4, 5;
    %jmp T_38.1;
T_38.0 ;
    %load/vec4 v0x7fae67d62b00_0;
    %nor/r;
    %pushi/vec4 38, 0, 8;
    %load/vec4 v0x7fae67d62a50_0;
    %pad/u 8;
    %cmp/e;
    %flag_get/vec4 4;
    %and;
    %flag_set/vec4 8;
    %jmp/0xz  T_38.2, 8;
    %load/vec4 v0x7fae67d62ba0_0;
    %ix/load 4, 200, 0;
    %ix/load 5, 0, 0;
    %flag_set/imm 4, 0;
    %assign/vec4/off/d v0x7fae67d62da0_0, 4, 5;
    %jmp T_38.3;
T_38.2 ;
    %load/vec4 v0x7fae67d62b00_0;
    %pushi/vec4 38, 0, 8;
    %load/vec4 v0x7fae67d62a50_0;
    %pad/u 8;
    %cmp/e;
    %flag_get/vec4 4;
    %and;
    %flag_set/vec4 8;
    %jmp/0xz  T_38.4, 8;
    %pushi/vec4 128, 0, 8;
    %ix/load 4, 200, 0;
    %ix/load 5, 0, 0;
    %flag_set/imm 4, 0;
    %assign/vec4/off/d v0x7fae67d62da0_0, 4, 5;
    %jmp T_38.5;
T_38.4 ;
    %load/vec4 v0x7fae67d62da0_0;
    %parti/s 8, 200, 9;
    %ix/load 4, 200, 0;
    %ix/load 5, 0, 0;
    %flag_set/imm 4, 0;
    %assign/vec4/off/d v0x7fae67d62da0_0, 4, 5;
T_38.5 ;
T_38.3 ;
T_38.1 ;
    %jmp T_38;
    .thread T_38;
    .scope S_0x7fae67d52140;
T_39 ;
    %wait E_0x7fae67d4bfa0;
    %load/vec4 v0x7fae67d62fa0_0;
    %flag_set/vec4 8;
    %load/vec4 v0x7fae67d62650_0;
    %nor/r;
    %flag_set/vec4 9;
    %flag_or 9, 8;
    %jmp/0xz  T_39.0, 9;
    %pushi/vec4 0, 0, 8;
    %ix/load 4, 192, 0;
    %ix/load 5, 0, 0;
    %flag_set/imm 4, 0;
    %assign/vec4/off/d v0x7fae67d62da0_0, 4, 5;
    %jmp T_39.1;
T_39.0 ;
    %load/vec4 v0x7fae67d62b00_0;
    %nor/r;
    %pushi/vec4 39, 0, 8;
    %load/vec4 v0x7fae67d62a50_0;
    %pad/u 8;
    %cmp/e;
    %flag_get/vec4 4;
    %and;
    %flag_set/vec4 8;
    %jmp/0xz  T_39.2, 8;
    %load/vec4 v0x7fae67d62ba0_0;
    %ix/load 4, 192, 0;
    %ix/load 5, 0, 0;
    %flag_set/imm 4, 0;
    %assign/vec4/off/d v0x7fae67d62da0_0, 4, 5;
    %jmp T_39.3;
T_39.2 ;
    %load/vec4 v0x7fae67d62b00_0;
    %pushi/vec4 39, 0, 8;
    %load/vec4 v0x7fae67d62a50_0;
    %pad/u 8;
    %cmp/e;
    %flag_get/vec4 4;
    %and;
    %flag_set/vec4 8;
    %jmp/0xz  T_39.4, 8;
    %pushi/vec4 128, 0, 8;
    %ix/load 4, 192, 0;
    %ix/load 5, 0, 0;
    %flag_set/imm 4, 0;
    %assign/vec4/off/d v0x7fae67d62da0_0, 4, 5;
    %jmp T_39.5;
T_39.4 ;
    %load/vec4 v0x7fae67d62da0_0;
    %parti/s 8, 192, 9;
    %ix/load 4, 192, 0;
    %ix/load 5, 0, 0;
    %flag_set/imm 4, 0;
    %assign/vec4/off/d v0x7fae67d62da0_0, 4, 5;
T_39.5 ;
T_39.3 ;
T_39.1 ;
    %jmp T_39;
    .thread T_39;
    .scope S_0x7fae67d522a0;
T_40 ;
    %wait E_0x7fae67d4bfa0;
    %load/vec4 v0x7fae67d62fa0_0;
    %flag_set/vec4 8;
    %load/vec4 v0x7fae67d62650_0;
    %nor/r;
    %flag_set/vec4 9;
    %flag_or 9, 8;
    %jmp/0xz  T_40.0, 9;
    %pushi/vec4 0, 0, 8;
    %ix/load 4, 184, 0;
    %ix/load 5, 0, 0;
    %flag_set/imm 4, 0;
    %assign/vec4/off/d v0x7fae67d62da0_0, 4, 5;
    %jmp T_40.1;
T_40.0 ;
    %load/vec4 v0x7fae67d62b00_0;
    %nor/r;
    %pushi/vec4 40, 0, 8;
    %load/vec4 v0x7fae67d62a50_0;
    %pad/u 8;
    %cmp/e;
    %flag_get/vec4 4;
    %and;
    %flag_set/vec4 8;
    %jmp/0xz  T_40.2, 8;
    %load/vec4 v0x7fae67d62ba0_0;
    %ix/load 4, 184, 0;
    %ix/load 5, 0, 0;
    %flag_set/imm 4, 0;
    %assign/vec4/off/d v0x7fae67d62da0_0, 4, 5;
    %jmp T_40.3;
T_40.2 ;
    %load/vec4 v0x7fae67d62b00_0;
    %pushi/vec4 40, 0, 8;
    %load/vec4 v0x7fae67d62a50_0;
    %pad/u 8;
    %cmp/e;
    %flag_get/vec4 4;
    %and;
    %flag_set/vec4 8;
    %jmp/0xz  T_40.4, 8;
    %pushi/vec4 128, 0, 8;
    %ix/load 4, 184, 0;
    %ix/load 5, 0, 0;
    %flag_set/imm 4, 0;
    %assign/vec4/off/d v0x7fae67d62da0_0, 4, 5;
    %jmp T_40.5;
T_40.4 ;
    %load/vec4 v0x7fae67d62da0_0;
    %parti/s 8, 184, 9;
    %ix/load 4, 184, 0;
    %ix/load 5, 0, 0;
    %flag_set/imm 4, 0;
    %assign/vec4/off/d v0x7fae67d62da0_0, 4, 5;
T_40.5 ;
T_40.3 ;
T_40.1 ;
    %jmp T_40;
    .thread T_40;
    .scope S_0x7fae67d52400;
T_41 ;
    %wait E_0x7fae67d4bfa0;
    %load/vec4 v0x7fae67d62fa0_0;
    %flag_set/vec4 8;
    %load/vec4 v0x7fae67d62650_0;
    %nor/r;
    %flag_set/vec4 9;
    %flag_or 9, 8;
    %jmp/0xz  T_41.0, 9;
    %pushi/vec4 0, 0, 8;
    %ix/load 4, 176, 0;
    %ix/load 5, 0, 0;
    %flag_set/imm 4, 0;
    %assign/vec4/off/d v0x7fae67d62da0_0, 4, 5;
    %jmp T_41.1;
T_41.0 ;
    %load/vec4 v0x7fae67d62b00_0;
    %nor/r;
    %pushi/vec4 41, 0, 8;
    %load/vec4 v0x7fae67d62a50_0;
    %pad/u 8;
    %cmp/e;
    %flag_get/vec4 4;
    %and;
    %flag_set/vec4 8;
    %jmp/0xz  T_41.2, 8;
    %load/vec4 v0x7fae67d62ba0_0;
    %ix/load 4, 176, 0;
    %ix/load 5, 0, 0;
    %flag_set/imm 4, 0;
    %assign/vec4/off/d v0x7fae67d62da0_0, 4, 5;
    %jmp T_41.3;
T_41.2 ;
    %load/vec4 v0x7fae67d62b00_0;
    %pushi/vec4 41, 0, 8;
    %load/vec4 v0x7fae67d62a50_0;
    %pad/u 8;
    %cmp/e;
    %flag_get/vec4 4;
    %and;
    %flag_set/vec4 8;
    %jmp/0xz  T_41.4, 8;
    %pushi/vec4 128, 0, 8;
    %ix/load 4, 176, 0;
    %ix/load 5, 0, 0;
    %flag_set/imm 4, 0;
    %assign/vec4/off/d v0x7fae67d62da0_0, 4, 5;
    %jmp T_41.5;
T_41.4 ;
    %load/vec4 v0x7fae67d62da0_0;
    %parti/s 8, 176, 9;
    %ix/load 4, 176, 0;
    %ix/load 5, 0, 0;
    %flag_set/imm 4, 0;
    %assign/vec4/off/d v0x7fae67d62da0_0, 4, 5;
T_41.5 ;
T_41.3 ;
T_41.1 ;
    %jmp T_41;
    .thread T_41;
    .scope S_0x7fae67d52560;
T_42 ;
    %wait E_0x7fae67d4bfa0;
    %load/vec4 v0x7fae67d62fa0_0;
    %flag_set/vec4 8;
    %load/vec4 v0x7fae67d62650_0;
    %nor/r;
    %flag_set/vec4 9;
    %flag_or 9, 8;
    %jmp/0xz  T_42.0, 9;
    %pushi/vec4 0, 0, 8;
    %ix/load 4, 168, 0;
    %ix/load 5, 0, 0;
    %flag_set/imm 4, 0;
    %assign/vec4/off/d v0x7fae67d62da0_0, 4, 5;
    %jmp T_42.1;
T_42.0 ;
    %load/vec4 v0x7fae67d62b00_0;
    %nor/r;
    %pushi/vec4 42, 0, 8;
    %load/vec4 v0x7fae67d62a50_0;
    %pad/u 8;
    %cmp/e;
    %flag_get/vec4 4;
    %and;
    %flag_set/vec4 8;
    %jmp/0xz  T_42.2, 8;
    %load/vec4 v0x7fae67d62ba0_0;
    %ix/load 4, 168, 0;
    %ix/load 5, 0, 0;
    %flag_set/imm 4, 0;
    %assign/vec4/off/d v0x7fae67d62da0_0, 4, 5;
    %jmp T_42.3;
T_42.2 ;
    %load/vec4 v0x7fae67d62b00_0;
    %pushi/vec4 42, 0, 8;
    %load/vec4 v0x7fae67d62a50_0;
    %pad/u 8;
    %cmp/e;
    %flag_get/vec4 4;
    %and;
    %flag_set/vec4 8;
    %jmp/0xz  T_42.4, 8;
    %pushi/vec4 128, 0, 8;
    %ix/load 4, 168, 0;
    %ix/load 5, 0, 0;
    %flag_set/imm 4, 0;
    %assign/vec4/off/d v0x7fae67d62da0_0, 4, 5;
    %jmp T_42.5;
T_42.4 ;
    %load/vec4 v0x7fae67d62da0_0;
    %parti/s 8, 168, 9;
    %ix/load 4, 168, 0;
    %ix/load 5, 0, 0;
    %flag_set/imm 4, 0;
    %assign/vec4/off/d v0x7fae67d62da0_0, 4, 5;
T_42.5 ;
T_42.3 ;
T_42.1 ;
    %jmp T_42;
    .thread T_42;
    .scope S_0x7fae67d526c0;
T_43 ;
    %wait E_0x7fae67d4bfa0;
    %load/vec4 v0x7fae67d62fa0_0;
    %flag_set/vec4 8;
    %load/vec4 v0x7fae67d62650_0;
    %nor/r;
    %flag_set/vec4 9;
    %flag_or 9, 8;
    %jmp/0xz  T_43.0, 9;
    %pushi/vec4 0, 0, 8;
    %ix/load 4, 160, 0;
    %ix/load 5, 0, 0;
    %flag_set/imm 4, 0;
    %assign/vec4/off/d v0x7fae67d62da0_0, 4, 5;
    %jmp T_43.1;
T_43.0 ;
    %load/vec4 v0x7fae67d62b00_0;
    %nor/r;
    %pushi/vec4 43, 0, 8;
    %load/vec4 v0x7fae67d62a50_0;
    %pad/u 8;
    %cmp/e;
    %flag_get/vec4 4;
    %and;
    %flag_set/vec4 8;
    %jmp/0xz  T_43.2, 8;
    %load/vec4 v0x7fae67d62ba0_0;
    %ix/load 4, 160, 0;
    %ix/load 5, 0, 0;
    %flag_set/imm 4, 0;
    %assign/vec4/off/d v0x7fae67d62da0_0, 4, 5;
    %jmp T_43.3;
T_43.2 ;
    %load/vec4 v0x7fae67d62b00_0;
    %pushi/vec4 43, 0, 8;
    %load/vec4 v0x7fae67d62a50_0;
    %pad/u 8;
    %cmp/e;
    %flag_get/vec4 4;
    %and;
    %flag_set/vec4 8;
    %jmp/0xz  T_43.4, 8;
    %pushi/vec4 128, 0, 8;
    %ix/load 4, 160, 0;
    %ix/load 5, 0, 0;
    %flag_set/imm 4, 0;
    %assign/vec4/off/d v0x7fae67d62da0_0, 4, 5;
    %jmp T_43.5;
T_43.4 ;
    %load/vec4 v0x7fae67d62da0_0;
    %parti/s 8, 160, 9;
    %ix/load 4, 160, 0;
    %ix/load 5, 0, 0;
    %flag_set/imm 4, 0;
    %assign/vec4/off/d v0x7fae67d62da0_0, 4, 5;
T_43.5 ;
T_43.3 ;
T_43.1 ;
    %jmp T_43;
    .thread T_43;
    .scope S_0x7fae67d52820;
T_44 ;
    %wait E_0x7fae67d4bfa0;
    %load/vec4 v0x7fae67d62fa0_0;
    %flag_set/vec4 8;
    %load/vec4 v0x7fae67d62650_0;
    %nor/r;
    %flag_set/vec4 9;
    %flag_or 9, 8;
    %jmp/0xz  T_44.0, 9;
    %pushi/vec4 0, 0, 8;
    %ix/load 4, 152, 0;
    %ix/load 5, 0, 0;
    %flag_set/imm 4, 0;
    %assign/vec4/off/d v0x7fae67d62da0_0, 4, 5;
    %jmp T_44.1;
T_44.0 ;
    %load/vec4 v0x7fae67d62b00_0;
    %nor/r;
    %pushi/vec4 44, 0, 8;
    %load/vec4 v0x7fae67d62a50_0;
    %pad/u 8;
    %cmp/e;
    %flag_get/vec4 4;
    %and;
    %flag_set/vec4 8;
    %jmp/0xz  T_44.2, 8;
    %load/vec4 v0x7fae67d62ba0_0;
    %ix/load 4, 152, 0;
    %ix/load 5, 0, 0;
    %flag_set/imm 4, 0;
    %assign/vec4/off/d v0x7fae67d62da0_0, 4, 5;
    %jmp T_44.3;
T_44.2 ;
    %load/vec4 v0x7fae67d62b00_0;
    %pushi/vec4 44, 0, 8;
    %load/vec4 v0x7fae67d62a50_0;
    %pad/u 8;
    %cmp/e;
    %flag_get/vec4 4;
    %and;
    %flag_set/vec4 8;
    %jmp/0xz  T_44.4, 8;
    %pushi/vec4 128, 0, 8;
    %ix/load 4, 152, 0;
    %ix/load 5, 0, 0;
    %flag_set/imm 4, 0;
    %assign/vec4/off/d v0x7fae67d62da0_0, 4, 5;
    %jmp T_44.5;
T_44.4 ;
    %load/vec4 v0x7fae67d62da0_0;
    %parti/s 8, 152, 9;
    %ix/load 4, 152, 0;
    %ix/load 5, 0, 0;
    %flag_set/imm 4, 0;
    %assign/vec4/off/d v0x7fae67d62da0_0, 4, 5;
T_44.5 ;
T_44.3 ;
T_44.1 ;
    %jmp T_44;
    .thread T_44;
    .scope S_0x7fae67d52980;
T_45 ;
    %wait E_0x7fae67d4bfa0;
    %load/vec4 v0x7fae67d62fa0_0;
    %flag_set/vec4 8;
    %load/vec4 v0x7fae67d62650_0;
    %nor/r;
    %flag_set/vec4 9;
    %flag_or 9, 8;
    %jmp/0xz  T_45.0, 9;
    %pushi/vec4 0, 0, 8;
    %ix/load 4, 144, 0;
    %ix/load 5, 0, 0;
    %flag_set/imm 4, 0;
    %assign/vec4/off/d v0x7fae67d62da0_0, 4, 5;
    %jmp T_45.1;
T_45.0 ;
    %load/vec4 v0x7fae67d62b00_0;
    %nor/r;
    %pushi/vec4 45, 0, 8;
    %load/vec4 v0x7fae67d62a50_0;
    %pad/u 8;
    %cmp/e;
    %flag_get/vec4 4;
    %and;
    %flag_set/vec4 8;
    %jmp/0xz  T_45.2, 8;
    %load/vec4 v0x7fae67d62ba0_0;
    %ix/load 4, 144, 0;
    %ix/load 5, 0, 0;
    %flag_set/imm 4, 0;
    %assign/vec4/off/d v0x7fae67d62da0_0, 4, 5;
    %jmp T_45.3;
T_45.2 ;
    %load/vec4 v0x7fae67d62b00_0;
    %pushi/vec4 45, 0, 8;
    %load/vec4 v0x7fae67d62a50_0;
    %pad/u 8;
    %cmp/e;
    %flag_get/vec4 4;
    %and;
    %flag_set/vec4 8;
    %jmp/0xz  T_45.4, 8;
    %pushi/vec4 128, 0, 8;
    %ix/load 4, 144, 0;
    %ix/load 5, 0, 0;
    %flag_set/imm 4, 0;
    %assign/vec4/off/d v0x7fae67d62da0_0, 4, 5;
    %jmp T_45.5;
T_45.4 ;
    %load/vec4 v0x7fae67d62da0_0;
    %parti/s 8, 144, 9;
    %ix/load 4, 144, 0;
    %ix/load 5, 0, 0;
    %flag_set/imm 4, 0;
    %assign/vec4/off/d v0x7fae67d62da0_0, 4, 5;
T_45.5 ;
T_45.3 ;
T_45.1 ;
    %jmp T_45;
    .thread T_45;
    .scope S_0x7fae67d52ae0;
T_46 ;
    %wait E_0x7fae67d4bfa0;
    %load/vec4 v0x7fae67d62fa0_0;
    %flag_set/vec4 8;
    %load/vec4 v0x7fae67d62650_0;
    %nor/r;
    %flag_set/vec4 9;
    %flag_or 9, 8;
    %jmp/0xz  T_46.0, 9;
    %pushi/vec4 0, 0, 8;
    %ix/load 4, 136, 0;
    %ix/load 5, 0, 0;
    %flag_set/imm 4, 0;
    %assign/vec4/off/d v0x7fae67d62da0_0, 4, 5;
    %jmp T_46.1;
T_46.0 ;
    %load/vec4 v0x7fae67d62b00_0;
    %nor/r;
    %pushi/vec4 46, 0, 8;
    %load/vec4 v0x7fae67d62a50_0;
    %pad/u 8;
    %cmp/e;
    %flag_get/vec4 4;
    %and;
    %flag_set/vec4 8;
    %jmp/0xz  T_46.2, 8;
    %load/vec4 v0x7fae67d62ba0_0;
    %ix/load 4, 136, 0;
    %ix/load 5, 0, 0;
    %flag_set/imm 4, 0;
    %assign/vec4/off/d v0x7fae67d62da0_0, 4, 5;
    %jmp T_46.3;
T_46.2 ;
    %load/vec4 v0x7fae67d62b00_0;
    %pushi/vec4 46, 0, 8;
    %load/vec4 v0x7fae67d62a50_0;
    %pad/u 8;
    %cmp/e;
    %flag_get/vec4 4;
    %and;
    %flag_set/vec4 8;
    %jmp/0xz  T_46.4, 8;
    %pushi/vec4 128, 0, 8;
    %ix/load 4, 136, 0;
    %ix/load 5, 0, 0;
    %flag_set/imm 4, 0;
    %assign/vec4/off/d v0x7fae67d62da0_0, 4, 5;
    %jmp T_46.5;
T_46.4 ;
    %load/vec4 v0x7fae67d62da0_0;
    %parti/s 8, 136, 9;
    %ix/load 4, 136, 0;
    %ix/load 5, 0, 0;
    %flag_set/imm 4, 0;
    %assign/vec4/off/d v0x7fae67d62da0_0, 4, 5;
T_46.5 ;
T_46.3 ;
T_46.1 ;
    %jmp T_46;
    .thread T_46;
    .scope S_0x7fae67d52c40;
T_47 ;
    %wait E_0x7fae67d4bfa0;
    %load/vec4 v0x7fae67d62fa0_0;
    %flag_set/vec4 8;
    %load/vec4 v0x7fae67d62650_0;
    %nor/r;
    %flag_set/vec4 9;
    %flag_or 9, 8;
    %jmp/0xz  T_47.0, 9;
    %pushi/vec4 0, 0, 8;
    %ix/load 4, 128, 0;
    %ix/load 5, 0, 0;
    %flag_set/imm 4, 0;
    %assign/vec4/off/d v0x7fae67d62da0_0, 4, 5;
    %jmp T_47.1;
T_47.0 ;
    %load/vec4 v0x7fae67d62b00_0;
    %nor/r;
    %pushi/vec4 47, 0, 8;
    %load/vec4 v0x7fae67d62a50_0;
    %pad/u 8;
    %cmp/e;
    %flag_get/vec4 4;
    %and;
    %flag_set/vec4 8;
    %jmp/0xz  T_47.2, 8;
    %load/vec4 v0x7fae67d62ba0_0;
    %ix/load 4, 128, 0;
    %ix/load 5, 0, 0;
    %flag_set/imm 4, 0;
    %assign/vec4/off/d v0x7fae67d62da0_0, 4, 5;
    %jmp T_47.3;
T_47.2 ;
    %load/vec4 v0x7fae67d62b00_0;
    %pushi/vec4 47, 0, 8;
    %load/vec4 v0x7fae67d62a50_0;
    %pad/u 8;
    %cmp/e;
    %flag_get/vec4 4;
    %and;
    %flag_set/vec4 8;
    %jmp/0xz  T_47.4, 8;
    %pushi/vec4 128, 0, 8;
    %ix/load 4, 128, 0;
    %ix/load 5, 0, 0;
    %flag_set/imm 4, 0;
    %assign/vec4/off/d v0x7fae67d62da0_0, 4, 5;
    %jmp T_47.5;
T_47.4 ;
    %load/vec4 v0x7fae67d62da0_0;
    %parti/s 8, 128, 9;
    %ix/load 4, 128, 0;
    %ix/load 5, 0, 0;
    %flag_set/imm 4, 0;
    %assign/vec4/off/d v0x7fae67d62da0_0, 4, 5;
T_47.5 ;
T_47.3 ;
T_47.1 ;
    %jmp T_47;
    .thread T_47;
    .scope S_0x7fae67d52da0;
T_48 ;
    %wait E_0x7fae67d4bfa0;
    %load/vec4 v0x7fae67d62fa0_0;
    %flag_set/vec4 8;
    %load/vec4 v0x7fae67d62650_0;
    %nor/r;
    %flag_set/vec4 9;
    %flag_or 9, 8;
    %jmp/0xz  T_48.0, 9;
    %pushi/vec4 0, 0, 8;
    %ix/load 4, 120, 0;
    %ix/load 5, 0, 0;
    %flag_set/imm 4, 0;
    %assign/vec4/off/d v0x7fae67d62da0_0, 4, 5;
    %jmp T_48.1;
T_48.0 ;
    %load/vec4 v0x7fae67d62b00_0;
    %nor/r;
    %pushi/vec4 48, 0, 8;
    %load/vec4 v0x7fae67d62a50_0;
    %pad/u 8;
    %cmp/e;
    %flag_get/vec4 4;
    %and;
    %flag_set/vec4 8;
    %jmp/0xz  T_48.2, 8;
    %load/vec4 v0x7fae67d62ba0_0;
    %ix/load 4, 120, 0;
    %ix/load 5, 0, 0;
    %flag_set/imm 4, 0;
    %assign/vec4/off/d v0x7fae67d62da0_0, 4, 5;
    %jmp T_48.3;
T_48.2 ;
    %load/vec4 v0x7fae67d62b00_0;
    %pushi/vec4 48, 0, 8;
    %load/vec4 v0x7fae67d62a50_0;
    %pad/u 8;
    %cmp/e;
    %flag_get/vec4 4;
    %and;
    %flag_set/vec4 8;
    %jmp/0xz  T_48.4, 8;
    %pushi/vec4 128, 0, 8;
    %ix/load 4, 120, 0;
    %ix/load 5, 0, 0;
    %flag_set/imm 4, 0;
    %assign/vec4/off/d v0x7fae67d62da0_0, 4, 5;
    %jmp T_48.5;
T_48.4 ;
    %load/vec4 v0x7fae67d62da0_0;
    %parti/s 8, 120, 8;
    %ix/load 4, 120, 0;
    %ix/load 5, 0, 0;
    %flag_set/imm 4, 0;
    %assign/vec4/off/d v0x7fae67d62da0_0, 4, 5;
T_48.5 ;
T_48.3 ;
T_48.1 ;
    %jmp T_48;
    .thread T_48;
    .scope S_0x7fae67d52f00;
T_49 ;
    %wait E_0x7fae67d4bfa0;
    %load/vec4 v0x7fae67d62fa0_0;
    %flag_set/vec4 8;
    %load/vec4 v0x7fae67d62650_0;
    %nor/r;
    %flag_set/vec4 9;
    %flag_or 9, 8;
    %jmp/0xz  T_49.0, 9;
    %pushi/vec4 0, 0, 8;
    %ix/load 4, 112, 0;
    %ix/load 5, 0, 0;
    %flag_set/imm 4, 0;
    %assign/vec4/off/d v0x7fae67d62da0_0, 4, 5;
    %jmp T_49.1;
T_49.0 ;
    %load/vec4 v0x7fae67d62b00_0;
    %nor/r;
    %pushi/vec4 49, 0, 8;
    %load/vec4 v0x7fae67d62a50_0;
    %pad/u 8;
    %cmp/e;
    %flag_get/vec4 4;
    %and;
    %flag_set/vec4 8;
    %jmp/0xz  T_49.2, 8;
    %load/vec4 v0x7fae67d62ba0_0;
    %ix/load 4, 112, 0;
    %ix/load 5, 0, 0;
    %flag_set/imm 4, 0;
    %assign/vec4/off/d v0x7fae67d62da0_0, 4, 5;
    %jmp T_49.3;
T_49.2 ;
    %load/vec4 v0x7fae67d62b00_0;
    %pushi/vec4 49, 0, 8;
    %load/vec4 v0x7fae67d62a50_0;
    %pad/u 8;
    %cmp/e;
    %flag_get/vec4 4;
    %and;
    %flag_set/vec4 8;
    %jmp/0xz  T_49.4, 8;
    %pushi/vec4 128, 0, 8;
    %ix/load 4, 112, 0;
    %ix/load 5, 0, 0;
    %flag_set/imm 4, 0;
    %assign/vec4/off/d v0x7fae67d62da0_0, 4, 5;
    %jmp T_49.5;
T_49.4 ;
    %load/vec4 v0x7fae67d62da0_0;
    %parti/s 8, 112, 8;
    %ix/load 4, 112, 0;
    %ix/load 5, 0, 0;
    %flag_set/imm 4, 0;
    %assign/vec4/off/d v0x7fae67d62da0_0, 4, 5;
T_49.5 ;
T_49.3 ;
T_49.1 ;
    %jmp T_49;
    .thread T_49;
    .scope S_0x7fae67d53060;
T_50 ;
    %wait E_0x7fae67d4bfa0;
    %load/vec4 v0x7fae67d62fa0_0;
    %flag_set/vec4 8;
    %load/vec4 v0x7fae67d62650_0;
    %nor/r;
    %flag_set/vec4 9;
    %flag_or 9, 8;
    %jmp/0xz  T_50.0, 9;
    %pushi/vec4 0, 0, 8;
    %ix/load 4, 104, 0;
    %ix/load 5, 0, 0;
    %flag_set/imm 4, 0;
    %assign/vec4/off/d v0x7fae67d62da0_0, 4, 5;
    %jmp T_50.1;
T_50.0 ;
    %load/vec4 v0x7fae67d62b00_0;
    %nor/r;
    %pushi/vec4 50, 0, 8;
    %load/vec4 v0x7fae67d62a50_0;
    %pad/u 8;
    %cmp/e;
    %flag_get/vec4 4;
    %and;
    %flag_set/vec4 8;
    %jmp/0xz  T_50.2, 8;
    %load/vec4 v0x7fae67d62ba0_0;
    %ix/load 4, 104, 0;
    %ix/load 5, 0, 0;
    %flag_set/imm 4, 0;
    %assign/vec4/off/d v0x7fae67d62da0_0, 4, 5;
    %jmp T_50.3;
T_50.2 ;
    %load/vec4 v0x7fae67d62b00_0;
    %pushi/vec4 50, 0, 8;
    %load/vec4 v0x7fae67d62a50_0;
    %pad/u 8;
    %cmp/e;
    %flag_get/vec4 4;
    %and;
    %flag_set/vec4 8;
    %jmp/0xz  T_50.4, 8;
    %pushi/vec4 128, 0, 8;
    %ix/load 4, 104, 0;
    %ix/load 5, 0, 0;
    %flag_set/imm 4, 0;
    %assign/vec4/off/d v0x7fae67d62da0_0, 4, 5;
    %jmp T_50.5;
T_50.4 ;
    %load/vec4 v0x7fae67d62da0_0;
    %parti/s 8, 104, 8;
    %ix/load 4, 104, 0;
    %ix/load 5, 0, 0;
    %flag_set/imm 4, 0;
    %assign/vec4/off/d v0x7fae67d62da0_0, 4, 5;
T_50.5 ;
T_50.3 ;
T_50.1 ;
    %jmp T_50;
    .thread T_50;
    .scope S_0x7fae67d531c0;
T_51 ;
    %wait E_0x7fae67d4bfa0;
    %load/vec4 v0x7fae67d62fa0_0;
    %flag_set/vec4 8;
    %load/vec4 v0x7fae67d62650_0;
    %nor/r;
    %flag_set/vec4 9;
    %flag_or 9, 8;
    %jmp/0xz  T_51.0, 9;
    %pushi/vec4 0, 0, 8;
    %ix/load 4, 96, 0;
    %ix/load 5, 0, 0;
    %flag_set/imm 4, 0;
    %assign/vec4/off/d v0x7fae67d62da0_0, 4, 5;
    %jmp T_51.1;
T_51.0 ;
    %load/vec4 v0x7fae67d62b00_0;
    %nor/r;
    %pushi/vec4 51, 0, 8;
    %load/vec4 v0x7fae67d62a50_0;
    %pad/u 8;
    %cmp/e;
    %flag_get/vec4 4;
    %and;
    %flag_set/vec4 8;
    %jmp/0xz  T_51.2, 8;
    %load/vec4 v0x7fae67d62ba0_0;
    %ix/load 4, 96, 0;
    %ix/load 5, 0, 0;
    %flag_set/imm 4, 0;
    %assign/vec4/off/d v0x7fae67d62da0_0, 4, 5;
    %jmp T_51.3;
T_51.2 ;
    %load/vec4 v0x7fae67d62b00_0;
    %pushi/vec4 51, 0, 8;
    %load/vec4 v0x7fae67d62a50_0;
    %pad/u 8;
    %cmp/e;
    %flag_get/vec4 4;
    %and;
    %flag_set/vec4 8;
    %jmp/0xz  T_51.4, 8;
    %pushi/vec4 128, 0, 8;
    %ix/load 4, 96, 0;
    %ix/load 5, 0, 0;
    %flag_set/imm 4, 0;
    %assign/vec4/off/d v0x7fae67d62da0_0, 4, 5;
    %jmp T_51.5;
T_51.4 ;
    %load/vec4 v0x7fae67d62da0_0;
    %parti/s 8, 96, 8;
    %ix/load 4, 96, 0;
    %ix/load 5, 0, 0;
    %flag_set/imm 4, 0;
    %assign/vec4/off/d v0x7fae67d62da0_0, 4, 5;
T_51.5 ;
T_51.3 ;
T_51.1 ;
    %jmp T_51;
    .thread T_51;
    .scope S_0x7fae67d53320;
T_52 ;
    %wait E_0x7fae67d4bfa0;
    %load/vec4 v0x7fae67d62fa0_0;
    %flag_set/vec4 8;
    %load/vec4 v0x7fae67d62650_0;
    %nor/r;
    %flag_set/vec4 9;
    %flag_or 9, 8;
    %jmp/0xz  T_52.0, 9;
    %pushi/vec4 0, 0, 8;
    %ix/load 4, 88, 0;
    %ix/load 5, 0, 0;
    %flag_set/imm 4, 0;
    %assign/vec4/off/d v0x7fae67d62da0_0, 4, 5;
    %jmp T_52.1;
T_52.0 ;
    %load/vec4 v0x7fae67d62b00_0;
    %nor/r;
    %pushi/vec4 52, 0, 8;
    %load/vec4 v0x7fae67d62a50_0;
    %pad/u 8;
    %cmp/e;
    %flag_get/vec4 4;
    %and;
    %flag_set/vec4 8;
    %jmp/0xz  T_52.2, 8;
    %load/vec4 v0x7fae67d62ba0_0;
    %ix/load 4, 88, 0;
    %ix/load 5, 0, 0;
    %flag_set/imm 4, 0;
    %assign/vec4/off/d v0x7fae67d62da0_0, 4, 5;
    %jmp T_52.3;
T_52.2 ;
    %load/vec4 v0x7fae67d62b00_0;
    %pushi/vec4 52, 0, 8;
    %load/vec4 v0x7fae67d62a50_0;
    %pad/u 8;
    %cmp/e;
    %flag_get/vec4 4;
    %and;
    %flag_set/vec4 8;
    %jmp/0xz  T_52.4, 8;
    %pushi/vec4 128, 0, 8;
    %ix/load 4, 88, 0;
    %ix/load 5, 0, 0;
    %flag_set/imm 4, 0;
    %assign/vec4/off/d v0x7fae67d62da0_0, 4, 5;
    %jmp T_52.5;
T_52.4 ;
    %load/vec4 v0x7fae67d62da0_0;
    %parti/s 8, 88, 8;
    %ix/load 4, 88, 0;
    %ix/load 5, 0, 0;
    %flag_set/imm 4, 0;
    %assign/vec4/off/d v0x7fae67d62da0_0, 4, 5;
T_52.5 ;
T_52.3 ;
T_52.1 ;
    %jmp T_52;
    .thread T_52;
    .scope S_0x7fae67d53480;
T_53 ;
    %wait E_0x7fae67d4bfa0;
    %load/vec4 v0x7fae67d62fa0_0;
    %flag_set/vec4 8;
    %load/vec4 v0x7fae67d62650_0;
    %nor/r;
    %flag_set/vec4 9;
    %flag_or 9, 8;
    %jmp/0xz  T_53.0, 9;
    %pushi/vec4 0, 0, 8;
    %ix/load 4, 80, 0;
    %ix/load 5, 0, 0;
    %flag_set/imm 4, 0;
    %assign/vec4/off/d v0x7fae67d62da0_0, 4, 5;
    %jmp T_53.1;
T_53.0 ;
    %load/vec4 v0x7fae67d62b00_0;
    %nor/r;
    %pushi/vec4 53, 0, 8;
    %load/vec4 v0x7fae67d62a50_0;
    %pad/u 8;
    %cmp/e;
    %flag_get/vec4 4;
    %and;
    %flag_set/vec4 8;
    %jmp/0xz  T_53.2, 8;
    %load/vec4 v0x7fae67d62ba0_0;
    %ix/load 4, 80, 0;
    %ix/load 5, 0, 0;
    %flag_set/imm 4, 0;
    %assign/vec4/off/d v0x7fae67d62da0_0, 4, 5;
    %jmp T_53.3;
T_53.2 ;
    %load/vec4 v0x7fae67d62b00_0;
    %pushi/vec4 53, 0, 8;
    %load/vec4 v0x7fae67d62a50_0;
    %pad/u 8;
    %cmp/e;
    %flag_get/vec4 4;
    %and;
    %flag_set/vec4 8;
    %jmp/0xz  T_53.4, 8;
    %pushi/vec4 128, 0, 8;
    %ix/load 4, 80, 0;
    %ix/load 5, 0, 0;
    %flag_set/imm 4, 0;
    %assign/vec4/off/d v0x7fae67d62da0_0, 4, 5;
    %jmp T_53.5;
T_53.4 ;
    %load/vec4 v0x7fae67d62da0_0;
    %parti/s 8, 80, 8;
    %ix/load 4, 80, 0;
    %ix/load 5, 0, 0;
    %flag_set/imm 4, 0;
    %assign/vec4/off/d v0x7fae67d62da0_0, 4, 5;
T_53.5 ;
T_53.3 ;
T_53.1 ;
    %jmp T_53;
    .thread T_53;
    .scope S_0x7fae67d535e0;
T_54 ;
    %wait E_0x7fae67d4bfa0;
    %load/vec4 v0x7fae67d62fa0_0;
    %flag_set/vec4 8;
    %load/vec4 v0x7fae67d62650_0;
    %nor/r;
    %flag_set/vec4 9;
    %flag_or 9, 8;
    %jmp/0xz  T_54.0, 9;
    %pushi/vec4 0, 0, 8;
    %ix/load 4, 72, 0;
    %ix/load 5, 0, 0;
    %flag_set/imm 4, 0;
    %assign/vec4/off/d v0x7fae67d62da0_0, 4, 5;
    %jmp T_54.1;
T_54.0 ;
    %load/vec4 v0x7fae67d62b00_0;
    %nor/r;
    %pushi/vec4 54, 0, 8;
    %load/vec4 v0x7fae67d62a50_0;
    %pad/u 8;
    %cmp/e;
    %flag_get/vec4 4;
    %and;
    %flag_set/vec4 8;
    %jmp/0xz  T_54.2, 8;
    %load/vec4 v0x7fae67d62ba0_0;
    %ix/load 4, 72, 0;
    %ix/load 5, 0, 0;
    %flag_set/imm 4, 0;
    %assign/vec4/off/d v0x7fae67d62da0_0, 4, 5;
    %jmp T_54.3;
T_54.2 ;
    %load/vec4 v0x7fae67d62b00_0;
    %pushi/vec4 54, 0, 8;
    %load/vec4 v0x7fae67d62a50_0;
    %pad/u 8;
    %cmp/e;
    %flag_get/vec4 4;
    %and;
    %flag_set/vec4 8;
    %jmp/0xz  T_54.4, 8;
    %pushi/vec4 128, 0, 8;
    %ix/load 4, 72, 0;
    %ix/load 5, 0, 0;
    %flag_set/imm 4, 0;
    %assign/vec4/off/d v0x7fae67d62da0_0, 4, 5;
    %jmp T_54.5;
T_54.4 ;
    %load/vec4 v0x7fae67d62da0_0;
    %parti/s 8, 72, 8;
    %ix/load 4, 72, 0;
    %ix/load 5, 0, 0;
    %flag_set/imm 4, 0;
    %assign/vec4/off/d v0x7fae67d62da0_0, 4, 5;
T_54.5 ;
T_54.3 ;
T_54.1 ;
    %jmp T_54;
    .thread T_54;
    .scope S_0x7fae67d02f70;
T_55 ;
    %wait E_0x7fae67d4bfa0;
    %load/vec4 v0x7fae67d630e0_0;
    %assign/vec4 v0x7fae67d62880_0, 0;
    %jmp T_55;
    .thread T_55;
    .scope S_0x7fae67d02f70;
T_56 ;
    %wait E_0x7fae67d4bfa0;
    %load/vec4 v0x7fae67d62fa0_0;
    %assign/vec4 v0x7fae67d63040_0, 0;
    %jmp T_56;
    .thread T_56;
    .scope S_0x7fae67d02f70;
T_57 ;
    %wait E_0x7fae67d4bfa0;
    %load/vec4 v0x7fae67d626f0_0;
    %assign/vec4 v0x7fae67d625b0_0, 0;
    %jmp T_57;
    .thread T_57;
    .scope S_0x7fae67d02f70;
T_58 ;
    %wait E_0x7fae67d4bfa0;
    %load/vec4 v0x7fae67d63040_0;
    %flag_set/vec4 8;
    %jmp/0xz  T_58.0, 8;
    %pushi/vec4 0, 0, 1;
    %assign/vec4 v0x7fae67d62650_0, 0;
    %jmp T_58.1;
T_58.0 ;
    %load/vec4 v0x7fae67d62880_0;
    %load/vec4 v0x7fae67d62650_0;
    %or;
    %load/vec4 v0x7fae67d626f0_0;
    %nor/r;
    %and;
    %assign/vec4 v0x7fae67d62650_0, 0;
T_58.1 ;
    %jmp T_58;
    .thread T_58;
    .scope S_0x7fae67d02f70;
T_59 ;
    %wait E_0x7fae67d4bfa0;
    %load/vec4 v0x7fae67d62a50_0;
    %assign/vec4 v0x7fae67d623c0_0, 0;
    %load/vec4 v0x7fae67d62c50_0;
    %assign/vec4 v0x7fae67d62470_0, 0;
    %load/vec4 v0x7fae67d62e50_0;
    %assign/vec4 v0x7fae67d62510_0, 0;
    %load/vec4 v0x7fae67d63180_0;
    %assign/vec4 v0x7fae67d62cf0_0, 0;
    %load/vec4 v0x7fae67d62ef0_0;
    %assign/vec4 v0x7fae67d62ba0_0, 0;
    %jmp T_59;
    .thread T_59;
    .scope S_0x7fae67d02f70;
T_60 ;
    %wait E_0x7fae67d4bfa0;
    %load/vec4 v0x7fae67d63040_0;
    %flag_set/vec4 8;
    %load/vec4 v0x7fae67d62650_0;
    %nor/r;
    %flag_set/vec4 9;
    %flag_or 9, 8;
    %load/vec4 v0x7fae67d62a50_0;
    %load/vec4 v0x7fae67d62cf0_0;
    %cmp/e;
    %flag_or 4, 9;
    %jmp/0xz  T_60.0, 4;
    %pushi/vec4 0, 0, 6;
    %assign/vec4 v0x7fae67d62a50_0, 0;
    %jmp T_60.1;
T_60.0 ;
    %load/vec4 v0x7fae67d62a50_0;
    %load/vec4 v0x7fae67d62cf0_0;
    %cmp/u;
    %jmp/0xz  T_60.2, 5;
    %load/vec4 v0x7fae67d62a50_0;
    %addi 1, 0, 6;
    %assign/vec4 v0x7fae67d62a50_0, 0;
    %jmp T_60.3;
T_60.2 ;
    %load/vec4 v0x7fae67d62a50_0;
    %assign/vec4 v0x7fae67d62a50_0, 0;
T_60.3 ;
T_60.1 ;
    %load/vec4 v0x7fae67d62a50_0;
    %load/vec4 v0x7fae67d62cf0_0;
    %cmp/e;
    %flag_get/vec4 4;
    %assign/vec4 v0x7fae67d62b00_0, 0;
    %jmp T_60;
    .thread T_60;
    .scope S_0x7fae67d02f70;
T_61 ;
    %wait E_0x7fae67d4bfa0;
    %load/vec4 v0x7fae67d62fa0_0;
    %flag_set/vec4 8;
    %load/vec4 v0x7fae67d62650_0;
    %nor/r;
    %flag_set/vec4 9;
    %flag_or 9, 8;
    %jmp/0xz  T_61.0, 9;
    %pushi/vec4 0, 0, 72;
    %ix/load 4, 0, 0;
    %ix/load 5, 0, 0;
    %flag_set/imm 4, 0;
    %assign/vec4/off/d v0x7fae67d62da0_0, 4, 5;
    %jmp T_61.1;
T_61.0 ;
    %load/vec4 v0x7fae67d62cf0_0;
    %pad/u 72;
    %muli 8, 0, 72;
    %ix/load 4, 0, 0;
    %ix/load 5, 0, 0;
    %flag_set/imm 4, 0;
    %assign/vec4/off/d v0x7fae67d62da0_0, 4, 5;
T_61.1 ;
    %jmp T_61;
    .thread T_61;
# The file index is used to find the file name in the following table.
:file_names 3;
    "N/A";
    "<interactive>";
    "MyDesign.v";
